This is XeTeX, Version 3.141592653-2.6-0.999995 (MiKTeX 24.1) (preloaded format=xelatex 2024.9.2)  3 FEB 2025 23:25
entering extended mode
 restricted \write18 enabled.
 %&-line parsing enabled.
**./Alireza_Amiri_Robotics_Research2.tex
(Alireza_Amiri_Robotics_Research2.tex
LaTeX2e <2023-11-01> patch level 1
L3 programming layer <2024-01-22>
(kntu-thesis.cls

LaTeX Warning: You have requested document class `./kntu-thesis',
               but the document class provides `kntu-thesis'.

Document Class: kntu-thesis 05/09/2017 v0.1 Persian thesis document class in Xe
LaTeX for K. N. Toosi University of Technology projects/theses/dissertations
(C:\Users\lenovo\AppData\Local\Programs\MiKTeX\tex/latex/base\book.cls
Document Class: book 2023/05/17 v1.4n Standard LaTeX document class
(C:\Users\lenovo\AppData\Local\Programs\MiKTeX\tex/latex/base\bk12.clo
File: bk12.clo 2023/05/17 v1.4n Standard LaTeX file (size option)
)
\c@part=\count183
\c@chapter=\count184
\c@section=\count185
\c@subsection=\count186
\c@subsubsection=\count187
\c@paragraph=\count188
\c@subparagraph=\count189
\c@figure=\count190
\c@table=\count191
\abovecaptionskip=\skip48
\belowcaptionskip=\skip49
\bibindent=\dimen140
))
(C:\Users\lenovo\AppData\Local\Programs\MiKTeX\tex/latex/placeins\placeins.sty
Package: placeins 2005/04/18  v 2.2
) (C:\Users\lenovo\AppData\Local\Programs\MiKTeX\tex/latex/float\float.sty
Package: float 2001/11/08 v1.3d Float enhancements (AL)
\c@float@type=\count192
\float@exts=\toks17
\float@box=\box51
\@float@everytoks=\toks18
\@floatcapt=\box52
)
(C:\Users\lenovo\AppData\Local\Programs\MiKTeX\tex/latex/matlab-prettifier\matl
ab-prettifier.sty
Package: matlab-prettifier 2014/06/19 v0.3 A package for prettyprinting Matlab 
source code

(C:\Users\lenovo\AppData\Local\Programs\MiKTeX\tex/latex/base\textcomp.sty
Package: textcomp 2020/02/02 v2.0n Standard LaTeX package
)
(C:\Users\lenovo\AppData\Local\Programs\MiKTeX\tex/latex/xcolor\xcolor.sty
Package: xcolor 2023/11/15 v3.01 LaTeX color extensions (UK)

(C:\Users\lenovo\AppData\Local\Programs\MiKTeX\tex/latex/graphics-cfg\color.cfg
File: color.cfg 2016/01/02 v1.6 sample color configuration
)
Package xcolor Info: Driver file: xetex.def on input line 274.

(C:\Users\lenovo\AppData\Local\Programs\MiKTeX\tex/latex/graphics-def\xetex.def
File: xetex.def 2022/09/22 v5.0n Graphics/color driver for xetex
)
(C:\Users\lenovo\AppData\Local\Programs\MiKTeX\tex/latex/graphics\mathcolor.ltx
)
Package xcolor Info: Model `cmy' substituted by `cmy0' on input line 1350.
Package xcolor Info: Model `RGB' extended on input line 1366.
Package xcolor Info: Model `HTML' substituted by `rgb' on input line 1368.
Package xcolor Info: Model `Hsb' substituted by `hsb' on input line 1369.
Package xcolor Info: Model `tHsb' substituted by `hsb' on input line 1370.
Package xcolor Info: Model `HSB' substituted by `hsb' on input line 1371.
Package xcolor Info: Model `Gray' substituted by `gray' on input line 1372.
Package xcolor Info: Model `wave' substituted by `hsb' on input line 1373.
)
(C:\Users\lenovo\AppData\Local\Programs\MiKTeX\tex/latex/listings\listings.sty
(C:\Users\lenovo\AppData\Local\Programs\MiKTeX\tex/latex/graphics\keyval.sty
Package: keyval 2022/05/29 v1.15 key=value parser (DPC)
\KV@toks@=\toks19
)
\lst@mode=\count193
\lst@gtempboxa=\box53
\lst@token=\toks20
\lst@length=\count194
\lst@currlwidth=\dimen141
\lst@column=\count195
\lst@pos=\count196
\lst@lostspace=\dimen142
\lst@width=\dimen143
\lst@newlines=\count197
\lst@lineno=\count198
\lst@maxwidth=\dimen144

(C:\Users\lenovo\AppData\Local\Programs\MiKTeX\tex/latex/listings\lstmisc.sty
File: lstmisc.sty 2023/02/27 1.9 (Carsten Heinz)
\c@lstnumber=\count199
\lst@skipnumbers=\count266
\lst@framebox=\box54
)
(C:\Users\lenovo\AppData\Local\Programs\MiKTeX\tex/latex/listings\listings.cfg
File: listings.cfg 2023/02/27 1.9 listings configuration
))
Package: listings 2023/02/27 1.9 (Carsten Heinz)
\netBracketCount@mlpr=\count267
\blkLvl@mlpr=\count268
\blkLvlAtClassdef@mlpr=\count269
\emHeight@mlpr=\skip50
\jayDepth@mlpr=\skip51
\sectionRuleOffset@mlpr=\skip52
\toks@mlpr=\toks21
) (tex/commands.tex
(C:\Users\lenovo\AppData\Local\Programs\MiKTeX\tex/latex/amscls\amsthm.sty
Package: amsthm 2020/05/29 v2.20.6
\thm@style=\toks22
\thm@bodyfont=\toks23
\thm@headfont=\toks24
\thm@notefont=\toks25
\thm@headpunct=\toks26
\thm@preskip=\skip53
\thm@postskip=\skip54
\thm@headsep=\skip55
\dth@everypar=\toks27
)
(C:\Users\lenovo\AppData\Local\Programs\MiKTeX\tex/latex/amsfonts\amssymb.sty
Package: amssymb 2013/01/14 v3.01 AMS font symbols

(C:\Users\lenovo\AppData\Local\Programs\MiKTeX\tex/latex/amsfonts\amsfonts.sty
Package: amsfonts 2013/01/14 v3.01 Basic AMSFonts support
\@emptytoks=\toks28
\symAMSa=\mathgroup4
\symAMSb=\mathgroup5
LaTeX Font Info:    Redeclaring math symbol \hbar on input line 98.
LaTeX Font Info:    Overwriting math alphabet `\mathfrak' in version `bold'
(Font)                  U/euf/m/n --> U/euf/b/n on input line 106.
)) (C:\Users\lenovo\AppData\Local\Programs\MiKTeX\tex/latex/amsmath\amsmath.sty
Package: amsmath 2023/05/13 v2.17o AMS math features
\@mathmargin=\skip56

For additional information on amsmath, use the `?' option.
(C:\Users\lenovo\AppData\Local\Programs\MiKTeX\tex/latex/amsmath\amstext.sty
Package: amstext 2021/08/26 v2.01 AMS text

(C:\Users\lenovo\AppData\Local\Programs\MiKTeX\tex/latex/amsmath\amsgen.sty
File: amsgen.sty 1999/11/30 v2.0 generic functions
\@emptytoks=\toks29
\ex@=\dimen145
))
(C:\Users\lenovo\AppData\Local\Programs\MiKTeX\tex/latex/amsmath\amsbsy.sty
Package: amsbsy 1999/11/29 v1.2d Bold Symbols
\pmbraise@=\dimen146
)
(C:\Users\lenovo\AppData\Local\Programs\MiKTeX\tex/latex/amsmath\amsopn.sty
Package: amsopn 2022/04/08 v2.04 operator names
)
\inf@bad=\count270
LaTeX Info: Redefining \frac on input line 234.
\uproot@=\count271
\leftroot@=\count272
LaTeX Info: Redefining \overline on input line 399.
LaTeX Info: Redefining \colon on input line 410.
\classnum@=\count273
\DOTSCASE@=\count274
LaTeX Info: Redefining \ldots on input line 496.
LaTeX Info: Redefining \dots on input line 499.
LaTeX Info: Redefining \cdots on input line 620.
\Mathstrutbox@=\box55
\strutbox@=\box56
LaTeX Info: Redefining \big on input line 722.
LaTeX Info: Redefining \Big on input line 723.
LaTeX Info: Redefining \bigg on input line 724.
LaTeX Info: Redefining \Bigg on input line 725.
\big@size=\dimen147
LaTeX Font Info:    Redeclaring font encoding OML on input line 743.
LaTeX Font Info:    Redeclaring font encoding OMS on input line 744.
\macc@depth=\count275
LaTeX Info: Redefining \bmod on input line 905.
LaTeX Info: Redefining \pmod on input line 910.
LaTeX Info: Redefining \smash on input line 940.
LaTeX Info: Redefining \relbar on input line 970.
LaTeX Info: Redefining \Relbar on input line 971.
\c@MaxMatrixCols=\count276
\dotsspace@=\muskip16
\c@parentequation=\count277
\dspbrk@lvl=\count278
\tag@help=\toks30
\row@=\count279
\column@=\count280
\maxfields@=\count281
\andhelp@=\toks31
\eqnshift@=\dimen148
\alignsep@=\dimen149
\tagshift@=\dimen150
\tagwidth@=\dimen151
\totwidth@=\dimen152
\lineht@=\dimen153
\@envbody=\toks32
\multlinegap=\skip57
\multlinetaggap=\skip58
\mathdisplay@stack=\toks33
LaTeX Info: Redefining \[ on input line 2953.
LaTeX Info: Redefining \] on input line 2954.
)
(C:\Users\lenovo\AppData\Local\Programs\MiKTeX\tex/latex/geometry\geometry.sty
Package: geometry 2020/01/02 v5.9 Page Geometry

(C:\Users\lenovo\AppData\Local\Programs\MiKTeX\tex/generic/iftex\ifvtex.sty
Package: ifvtex 2019/10/25 v1.7 ifvtex legacy package. Use iftex instead.

(C:\Users\lenovo\AppData\Local\Programs\MiKTeX\tex/generic/iftex\iftex.sty
Package: iftex 2022/02/03 v1.0f TeX engine tests
))
\Gm@cnth=\count282
\Gm@cntv=\count283
\c@Gm@tempcnt=\count284
\Gm@bindingoffset=\dimen154
\Gm@wd@mp=\dimen155
\Gm@odd@mp=\dimen156
\Gm@even@mp=\dimen157
\Gm@layoutwidth=\dimen158
\Gm@layoutheight=\dimen159
\Gm@layouthoffset=\dimen160
\Gm@layoutvoffset=\dimen161
\Gm@dimlist=\toks34

(C:\Users\lenovo\AppData\Local\Programs\MiKTeX\tex/latex/geometry\geometry.cfg)
)
(C:\Users\lenovo\AppData\Local\Programs\MiKTeX\tex/latex/graphics\graphicx.sty
Package: graphicx 2021/09/16 v1.2d Enhanced LaTeX Graphics (DPC,SPQR)

(C:\Users\lenovo\AppData\Local\Programs\MiKTeX\tex/latex/graphics\graphics.sty
Package: graphics 2022/03/10 v1.4e Standard LaTeX Graphics (DPC,SPQR)

(C:\Users\lenovo\AppData\Local\Programs\MiKTeX\tex/latex/graphics\trig.sty
Package: trig 2021/08/11 v1.11 sin cos tan (DPC)
)
(C:\Users\lenovo\AppData\Local\Programs\MiKTeX\tex/latex/graphics-cfg\graphics.
cfg
File: graphics.cfg 2016/06/04 v1.11 sample graphics configuration
)
Package graphics Info: Driver file: xetex.def on input line 107.
)
\Gin@req@height=\dimen162
\Gin@req@width=\dimen163
)
(C:\Users\lenovo\AppData\Local\Programs\MiKTeX\tex/latex/subfig\subfig.sty
Package: subfig 2005/06/28 ver: 1.3 subfig package

(C:\Users\lenovo\AppData\Local\Programs\MiKTeX\tex/latex/caption\caption.sty
Package: caption 2023/08/05 v3.6o Customizing captions (AR)

(C:\Users\lenovo\AppData\Local\Programs\MiKTeX\tex/latex/caption\caption3.sty
Package: caption3 2023/07/31 v2.4d caption3 kernel (AR)
\caption@tempdima=\dimen164
\captionmargin=\dimen165
\caption@leftmargin=\dimen166
\caption@rightmargin=\dimen167
\caption@width=\dimen168
\caption@indent=\dimen169
\caption@parindent=\dimen170
\caption@hangindent=\dimen171
Package caption Info: Standard document class detected.
)
\c@caption@flags=\count285
\c@continuedfloat=\count286
Package caption Info: float package is loaded.
Package caption Info: listings package is loaded.
)
\c@KVtest=\count287
\sf@farskip=\skip59
\sf@captopadj=\dimen172
\sf@capskip=\skip60
\sf@nearskip=\skip61
\c@subfigure=\count288
\c@subfigure@save=\count289
\c@lofdepth=\count290
\c@subtable=\count291
\c@subtable@save=\count292
\c@lotdepth=\count293
\sf@top=\skip62
\sf@bottom=\skip63
) (C:\Users\lenovo\AppData\Local\Programs\MiKTeX\tex/latex/diagbox\diagbox.sty
Package: diagbox 2020/02/09 v2.3 Making table heads with diagonal lines

(C:\Users\lenovo\AppData\Local\Programs\MiKTeX\tex/latex/pict2e\pict2e.sty
Package: pict2e 2020/09/30 v0.4b Improved picture commands (HjG,RN,JT)

(C:\Users\lenovo\AppData\Local\Programs\MiKTeX\tex/latex/pict2e\pict2e.cfg
File: pict2e.cfg 2016/02/05 v0.1u pict2e configuration for teTeX/TeXLive
)
Package pict2e Info: Driver file: xetex.def on input line 112.
Package pict2e Info: Driver file for pict2e: p2e-xetex.def on input line 114.

(C:\Users\lenovo\AppData\Local\Programs\MiKTeX\tex/latex/pict2e\p2e-xetex.def
File: p2e-xetex.def 2016/02/05 v0.1u Driver-dependant file (RN,HjG,JT)
)
\pIIe@GRAPH=\toks35
\@arclen=\dimen173
\@arcrad=\dimen174
\pIIe@tempdima=\dimen175
\pIIe@tempdimb=\dimen176
\pIIe@tempdimc=\dimen177
\pIIe@tempdimd=\dimen178
\pIIe@tempdime=\dimen179
\pIIe@tempdimf=\dimen180
) (C:\Users\lenovo\AppData\Local\Programs\MiKTeX\tex/latex/tools\calc.sty
Package: calc 2023/07/08 v4.3 Infix arithmetic (KKT,FJ)
\calc@Acount=\count294
\calc@Bcount=\count295
\calc@Adimen=\dimen181
\calc@Bdimen=\dimen182
\calc@Askip=\skip64
\calc@Bskip=\skip65
LaTeX Info: Redefining \setlength on input line 80.
LaTeX Info: Redefining \addtolength on input line 81.
\calc@Ccount=\count296
\calc@Cskip=\skip66
)
(C:\Users\lenovo\AppData\Local\Programs\MiKTeX\tex/latex/tools\array.sty
Package: array 2023/10/16 v2.5g Tabular extension package (FMi)
\col@sep=\dimen183
\ar@mcellbox=\box57
\extrarowheight=\dimen184
\NC@list=\toks36
\extratabsurround=\skip67
\backup@length=\skip68
\ar@cellbox=\box58
)
\diagbox@boxa=\box59
\diagbox@boxb=\box60
\diagbox@boxm=\box61
\diagbox@wd=\dimen185
\diagbox@ht=\dimen186
\diagbox@insepl=\dimen187
\diagbox@insepr=\dimen188
\diagbox@outsepl=\dimen189
\diagbox@outsepr=\dimen190
)
(C:\Users\lenovo\AppData\Local\Programs\MiKTeX\tex/latex/multirow\multirow.sty
Package: multirow 2021/03/15 v2.8 Span multiple rows of a table
\multirow@colwidth=\skip69
\multirow@cntb=\count297
\multirow@dima=\skip70
\bigstrutjot=\dimen191
) (C:\Users\lenovo\AppData\Local\Programs\MiKTeX\tex/latex/graphics\rotating.st
y
Package: rotating 2016/08/11 v2.16d rotated objects in LaTeX
(C:\Users\lenovo\AppData\Local\Programs\MiKTeX\tex/latex/base\ifthen.sty
Package: ifthen 2022/04/13 v1.1d Standard LaTeX ifthen package (DPC)
)
\c@r@tfl@t=\count298
\rotFPtop=\skip71
\rotFPbot=\skip72
\rot@float@box=\box62
\rot@mess@toks=\toks37
)

! LaTeX Error: Option clash for package listings.

See the LaTeX manual or LaTeX Companion for explanation.
Type  H <return>  for immediate help.
 ...                                              
                                                  
l.25 \usepackage
                [usenames,dvipsnames,svgnames,table]{xcolor}
The package listings has already been loaded with options:
  []
There has now been an attempt to load it with options
  [final]
Adding the global options:
  ,final
to your \documentclass declaration may fix this.
Try typing  <return>  to proceed.


Package xcolor Warning: Package option `usenames' is obsolete and ignored on in
put line 26.

(C:\Users\lenovo\AppData\Local\Programs\MiKTeX\tex/latex/graphics\dvipsnam.def
File: dvipsnam.def 2016/06/17 v3.0m Driver-dependent file (DPC,SPQR)
) (C:\Users\lenovo\AppData\Local\Programs\MiKTeX\tex/latex/xcolor\svgnam.def
File: svgnam.def 2023/11/15 v3.01 Predefined colors according to SVG 1.1 (UK)
)
(C:\Users\lenovo\AppData\Local\Programs\MiKTeX\tex/latex/colortbl\colortbl.sty
Package: colortbl 2024/07/06 v1.0i Color table columns (DPC)
\everycr=\toks38
\minrowclearance=\skip73
\rownum=\count299
) (C:\Users\lenovo\AppData\Local\Programs\MiKTeX\tex/latex/svg\svg.sty
Package: svg 2020/11/26 v2.02k (include SVG pictures)

(C:\Users\lenovo\AppData\Local\Programs\MiKTeX\tex/latex/koma-script\scrbase.st
y
Package: scrbase 2023/07/07 v3.41 KOMA-Script package (KOMA-Script-independent 
basics and keyval usage)

(C:\Users\lenovo\AppData\Local\Programs\MiKTeX\tex/latex/koma-script\scrlfile.s
ty
Package: scrlfile 2023/07/07 v3.41 KOMA-Script package (file load hooks)

(C:\Users\lenovo\AppData\Local\Programs\MiKTeX\tex/latex/koma-script\scrlfile-h
ook.sty
Package: scrlfile-hook 2023/07/07 v3.41 KOMA-Script package (using LaTeX hooks)


(C:\Users\lenovo\AppData\Local\Programs\MiKTeX\tex/latex/koma-script\scrlogo.st
y
Package: scrlogo 2023/07/07 v3.41 KOMA-Script package (logo)
)))
Applying: [2021/05/01] Usage of raw or classic option list on input line 252.
Already applied: [0000/00/00] Usage of raw or classic option list on input line
 368.
)
(C:\Users\lenovo\AppData\Local\Programs\MiKTeX\tex/generic/pdftexcmds\pdftexcmd
s.sty
Package: pdftexcmds 2020-06-27 v0.33 Utility functions of pdfTeX for LuaTeX (HO
)

(C:\Users\lenovo\AppData\Local\Programs\MiKTeX\tex/generic/infwarerr\infwarerr.
sty
Package: infwarerr 2019/12/03 v1.5 Providing info/warning/error messages (HO)
)
(C:\Users\lenovo\AppData\Local\Programs\MiKTeX\tex/generic/ltxcmds\ltxcmds.sty
Package: ltxcmds 2023-12-04 v1.26 LaTeX kernel commands for general use (HO)
)
Package pdftexcmds Info: \pdf@primitive is available.
Package pdftexcmds Info: \pdf@ifprimitive is available.
Package pdftexcmds Info: \pdfdraftmode not found.
)
(C:\Users\lenovo\AppData\Local\Programs\MiKTeX\tex/latex/trimspaces\trimspaces.
sty
Package: trimspaces 2009/09/17 v1.1 Trim spaces around a token list
)
(C:\Users\lenovo\AppData\Local\Programs\MiKTeX\tex/latex/tools\shellesc.sty
Package: shellesc 2023/07/08 v1.0d unified shell escape interface for LaTeX
Package shellesc Info: Restricted shell escape enabled on input line 77.
)
\c@svg@param@lastpage=\count300
\svg@box=\box63
\c@svg@param@currpage=\count301
)
(C:\Users\lenovo\AppData\Local\Programs\MiKTeX\tex/latex/pdfpages\pdfpages.sty
Package: pdfpages 2024/05/29 v0.6a Insert pages of external PDF documents (AM)

(C:\Users\lenovo\AppData\Local\Programs\MiKTeX\tex/latex/eso-pic\eso-pic.sty
Package: eso-pic 2023/05/03 v3.0c eso-pic (RN)
\ESO@tempdima=\dimen192
\ESO@tempdimb=\dimen193
)
\AM@pagewidth=\dimen194
\AM@pageheight=\dimen195
\AM@fboxrule=\dimen196

(C:\Users\lenovo\AppData\Local\Programs\MiKTeX\tex/latex/pdfpages\ppxetex.def
File: ppxetex.def 2024/05/29 v0.6a Pdfpages driver for XeTeX (AM)
)
\pdfpages@includegraphics@status=\count302
\AM@pagebox=\box64
\AM@global@opts=\toks39
\AM@pagecnt=\count303
\AM@toc@title=\toks40
\AM@lof@heading=\toks41
\c@AM@survey=\count304
\AM@templatesizebox=\box65
)
(C:\Users\lenovo\AppData\Local\Programs\MiKTeX\tex/latex/tabularray\tabularray.
sty (C:\Users\lenovo\AppData\Local\Programs\MiKTeX\tex/latex/l3kernel\expl3.sty
Package: expl3 2024-01-22 L3 programming layer (loader) 

(C:\Users\lenovo\AppData\Local\Programs\MiKTeX\tex/latex/l3backend\l3backend-xe
tex.def
File: l3backend-xetex.def 2024-01-04 L3 backend support: XeTeX
\g__graphics_track_int=\count305
\l__pdf_internal_box=\box66
\g__pdf_backend_object_int=\count306
\g__pdf_backend_annotation_int=\count307
\g__pdf_backend_link_int=\count308
))
Package: tabularray 2024-02-16 v2024A Typeset tabulars and arrays with LaTeX3
\l__tblr_a_int=\count309
\l__tblr_c_int=\count310
\l__tblr_r_int=\count311
\l__tblr_d_dim=\dimen197
\l__tblr_h_dim=\dimen198
\l__tblr_o_dim=\dimen199
\l__tblr_p_dim=\dimen256
\l__tblr_q_dim=\dimen257
\l__tblr_r_dim=\dimen258
\l__tblr_s_dim=\dimen259
\l__tblr_t_dim=\dimen260
\l__tblr_v_dim=\dimen261
\l__tblr_w_dim=\dimen262
\l__tblr_a_box=\box67
\l__tblr_b_box=\box68
\l__tblr_c_box=\box69
\l__tblr_d_box=\box70
\g__tblr_table_count_int=\count312
\c@colnum=\count313
\c@rowcount=\count314
\c@colcount=\count315
\abovesep=\dimen263
\belowsep=\dimen264
\leftsep=\dimen265
\rightsep=\dimen266
\g_tblr_level_int=\count316
\g__tblr_data_row_key_count_int=\count317
\g__tblr_data_column_key_count_int=\count318
\g__tblr_data_cell_key_count_int=\count319
\g__tblr_array_int=\count320
\l__tblr_key_count_int=\count321
\l__tblr_key_quotient_int=\count322
\l__tblr_key_quotient_two_int=\count323
\l__tblr_key_remainder_int=\count324
\g__tblr_data_str_value_count_int=\count325
\rulewidth=\dimen267
\l__tblr_strut_dp_dim=\dimen268
\l__tblr_strut_ht_dim=\dimen269
\g__tblr_cell_wd_dim=\dimen270
\g__tblr_cell_ht_dim=\dimen271
\g__tblr_cell_head_dim=\dimen272
\g__tblr_cell_foot_dim=\dimen273
\l__column_target_dim=\dimen274
\l__tblr_caption_box=\box71
\l__tblr_caption_left_box=\box72
\l__tblr_row_head_box=\box73
\l__tblr_row_foot_box=\box74
\l__tblr_row_head_foot_dim=\dimen275
\tablewidth=\dimen276
\l__tblr_table_firsthead_box=\box75
\l__tblr_table_middlehead_box=\box76
\l__tblr_table_lasthead_box=\box77
\l__tblr_table_firstfoot_box=\box78
\l__tblr_table_middlefoot_box=\box79
\l__tblr_table_lastfoot_box=\box80
\l__tblr_remain_height_dim=\dimen277
\l__tblr_long_from_int=\count326
\l__tblr_long_to_int=\count327
\l__tblr_curr_i_int=\count328
\l__tblr_prev_i_int=\count329
\l__tblr_table_page_int=\count330
\l__tblr_table_head_box=\box81
\l__tblr_table_foot_box=\box82
\l__tblr_table_head_foot_dim=\dimen278
\l__tblr_table_head_body_foot_dim=\dimen279
\l__tblr_table_box=\box83
\l__tblr_table_hlines_box=\box84
\l__tblr_hline_box=\box85
\l__tblr_row_box=\box86
\l__tblr_col_o_wd_dim=\dimen280
\l__tblr_col_b_wd_dim=\dimen281
\l__tblr_hline_leftskip_dim=\dimen282
\l__tblr_hline_rightskip_dim=\dimen283
\l__tblr_row_ht_dim=\dimen284
\l__tblr_row_dp_dim=\dimen285
\l__tblr_row_abovesep_dim=\dimen286
\l__tblr_row_belowsep_dim=\dimen287
\l__tblr_row_vlines_box=\box87
\l__tblr_vline_box=\box88
\l__tblr_cell_box=\box89
\l__row_upper_dim=\dimen288
\l__row_lower_dim=\dimen289
\l__row_vpace_dim=\dimen290
\l__tblr_vline_aboveskip_dim=\dimen291
\l__tblr_vline_belowskip_dim=\dimen292
\l__tblr_cell_wd_dim=\dimen293
\l__tblr_cell_ht_dim=\dimen294
\l__tblr_diag_box=\box90
)
(C:\Users\lenovo\AppData\Local\Programs\MiKTeX\tex/latex/booktabs\booktabs.sty
Package: booktabs 2020/01/12 v1.61803398 Publication quality tables
\heavyrulewidth=\dimen295
\lightrulewidth=\dimen296
\cmidrulewidth=\dimen297
\belowrulesep=\dimen298
\belowbottomsep=\dimen299
\aboverulesep=\dimen300
\abovetopsep=\dimen301
\cmidrulesep=\dimen302
\cmidrulekern=\dimen303
\defaultaddspace=\dimen304
\@cmidla=\count331
\@cmidlb=\count332
\@aboverulesep=\dimen305
\@belowrulesep=\dimen306
\@thisruleclass=\count333
\@lastruleclass=\count334
\@thisrulewidth=\dimen307
) (C:\Users\lenovo\AppData\Local\Programs\MiKTeX\tex/latex/makecell\makecell.st
y
Package: makecell 2009/08/03 V0.1e Managing of Tab Column Heads and Cells
\rotheadsize=\dimen308
\c@nlinenum=\count335
\TeXr@lab=\toks42
) (C:\Users\lenovo\AppData\Local\Programs\MiKTeX\tex/latex/tools\tabularx.sty
Package: tabularx 2023/07/08 v2.11c `tabularx' package (DPC)
\TX@col@width=\dimen309
\TX@old@table=\dimen310
\TX@old@col=\dimen311
\TX@target=\dimen312
\TX@delta=\dimen313
\TX@cols=\count336
\TX@ftn=\toks43
)
(C:\Users\lenovo\AppData\Local\Programs\MiKTeX\tex/latex/framed\framed.sty
Package: framed 2011/10/22 v 0.96: framed or shaded text with page breaks
\OuterFrameSep=\skip74
\fb@frw=\dimen314
\fb@frh=\dimen315
\FrameRule=\dimen316
\FrameSep=\dimen317
)
(C:\Users\lenovo\AppData\Local\Programs\MiKTeX\tex/latex/lastpage\lastpage.sty
Package: lastpage 2024/07/07 v2.1c lastpage: 2.09 or 2e? (HMM)

(C:\Users\lenovo\AppData\Local\Programs\MiKTeX\tex/latex/lastpage\lastpage2e.st
y
Package: lastpage2e 2024/07/07 v2.1c Decide which 2e lastpage version to use (H
MM)

(C:\Users\lenovo\AppData\Local\Programs\MiKTeX\tex/latex/lastpage\lastpagemoder
n.sty
Package: lastpagemodern 2024-07-07 v2.1c Refers to last page's name (HMM; JPG)
\c@lastpagecount=\count337
) 
))
(C:\Users\lenovo\AppData\Local\Programs\MiKTeX\tex/latex/etoolbox\etoolbox.sty
Package: etoolbox 2020/10/05 v2.5k e-TeX tools for LaTeX (JAW)
\etb@tempcnta=\count338
) (C:\Users\lenovo\AppData\Local\Programs\MiKTeX\tex/latex/oberdiek\ifdraft.sty
Package: ifdraft 2016/05/16 v1.4 Detect class options draft and final (HO)
) (C:\Users\lenovo\AppData\Local\Programs\MiKTeX\tex/latex/hyperref\hyperref.st
y
Package: hyperref 2024-01-20 v7.01h Hypertext links for LaTeX

(C:\Users\lenovo\AppData\Local\Programs\MiKTeX\tex/latex/kvsetkeys\kvsetkeys.st
y
Package: kvsetkeys 2022-10-05 v1.19 Key value parser (HO)
)
(C:\Users\lenovo\AppData\Local\Programs\MiKTeX\tex/generic/kvdefinekeys\kvdefin
ekeys.sty
Package: kvdefinekeys 2019-12-19 v1.6 Define keys (HO)
)
(C:\Users\lenovo\AppData\Local\Programs\MiKTeX\tex/generic/pdfescape\pdfescape.
sty
Package: pdfescape 2019/12/09 v1.15 Implements pdfTeX's escape features (HO)
)
(C:\Users\lenovo\AppData\Local\Programs\MiKTeX\tex/latex/hycolor\hycolor.sty
Package: hycolor 2020-01-27 v1.10 Color options for hyperref/bookmark (HO)
)
(C:\Users\lenovo\AppData\Local\Programs\MiKTeX\tex/latex/auxhook\auxhook.sty
Package: auxhook 2019-12-17 v1.6 Hooks for auxiliary files (HO)
)
(C:\Users\lenovo\AppData\Local\Programs\MiKTeX\tex/latex/hyperref\nameref.sty
Package: nameref 2023-11-26 v2.56 Cross-referencing by name of section

(C:\Users\lenovo\AppData\Local\Programs\MiKTeX\tex/latex/refcount\refcount.sty
Package: refcount 2019/12/15 v3.6 Data extraction from label references (HO)
)
(C:\Users\lenovo\AppData\Local\Programs\MiKTeX\tex/generic/gettitlestring\getti
tlestring.sty
Package: gettitlestring 2019/12/15 v1.6 Cleanup title references (HO)

(C:\Users\lenovo\AppData\Local\Programs\MiKTeX\tex/latex/kvoptions\kvoptions.st
y
Package: kvoptions 2022-06-15 v3.15 Key value format for package options (HO)
))
\c@section@level=\count339
)
\@linkdim=\dimen318
\Hy@linkcounter=\count340
\Hy@pagecounter=\count341

(C:\Users\lenovo\AppData\Local\Programs\MiKTeX\tex/latex/hyperref\pd1enc.def
File: pd1enc.def 2024-01-20 v7.01h Hyperref: PDFDocEncoding definition (HO)
)
(C:\Users\lenovo\AppData\Local\Programs\MiKTeX\tex/generic/intcalc\intcalc.sty
Package: intcalc 2019/12/15 v1.3 Expandable calculations with integers (HO)
)
\Hy@SavedSpaceFactor=\count342
(C:\Users\lenovo\AppData\Local\Programs\MiKTeX\tex/latex/hyperref\puenc.def
File: puenc.def 2024-01-20 v7.01h Hyperref: PDF Unicode definition (HO)
)
Package hyperref Info: Hyper figures OFF on input line 4179.
Package hyperref Info: Link nesting OFF on input line 4184.
Package hyperref Info: Hyper index ON on input line 4187.
Package hyperref Info: Plain pages OFF on input line 4194.
Package hyperref Info: Backreferencing OFF on input line 4199.
Package hyperref Info: Implicit mode ON; LaTeX internals redefined.
Package hyperref Info: Bookmarks ON on input line 4446.
\c@Hy@tempcnt=\count343

(C:\Users\lenovo\AppData\Local\Programs\MiKTeX\tex/latex/url\url.sty
\Urlmuskip=\muskip17
Package: url 2013/09/16  ver 3.4  Verb mode for urls, etc.
)
LaTeX Info: Redefining \url on input line 4784.
\XeTeXLinkMargin=\dimen319

(C:\Users\lenovo\AppData\Local\Programs\MiKTeX\tex/generic/bitset\bitset.sty
Package: bitset 2019/12/09 v1.3 Handle bit-vector datatype (HO)

(C:\Users\lenovo\AppData\Local\Programs\MiKTeX\tex/generic/bigintcalc\bigintcal
c.sty
Package: bigintcalc 2019/12/15 v1.5 Expandable calculations on big integers (HO
)
))
\Fld@menulength=\count344
\Field@Width=\dimen320
\Fld@charsize=\dimen321
Package hyperref Info: Hyper figures OFF on input line 6063.
Package hyperref Info: Link nesting OFF on input line 6068.
Package hyperref Info: Hyper index ON on input line 6071.
Package hyperref Info: backreferencing OFF on input line 6078.
Package hyperref Info: Link coloring OFF on input line 6083.
Package hyperref Info: Link coloring with OCG OFF on input line 6088.
Package hyperref Info: PDF/A mode OFF on input line 6093.

(C:\Users\lenovo\AppData\Local\Programs\MiKTeX\tex/latex/base\atbegshi-ltx.sty
Package: atbegshi-ltx 2021/01/10 v1.0c Emulation of the original atbegshi
package with kernel methods
)
\Hy@abspage=\count345
\c@Item=\count346
\c@Hfootnote=\count347
)
Package hyperref Info: Driver (autodetected): hxetex.
 (C:\Users\lenovo\AppData\Local\Programs\MiKTeX\tex/latex/hyperref\hxetex.def
File: hxetex.def 2024-01-20 v7.01h Hyperref driver for XeTeX

(C:\Users\lenovo\AppData\Local\Programs\MiKTeX\tex/generic/stringenc\stringenc.
sty
Package: stringenc 2019/11/29 v1.12 Convert strings between diff. encodings (HO
)
)
\pdfm@box=\box91
\c@Hy@AnnotLevel=\count348
\HyField@AnnotCount=\count349
\Fld@listcount=\count350
\c@bookmark@seq@number=\count351

(C:\Users\lenovo\AppData\Local\Programs\MiKTeX\tex/latex/rerunfilecheck\rerunfi
lecheck.sty
Package: rerunfilecheck 2022-07-10 v1.10 Rerun checks for auxiliary files (HO)

(C:\Users\lenovo\AppData\Local\Programs\MiKTeX\tex/latex/base\atveryend-ltx.sty
Package: atveryend-ltx 2020/08/19 v1.0a Emulation of the original atveryend pac
kage
with kernel methods
)
(C:\Users\lenovo\AppData\Local\Programs\MiKTeX\tex/generic/uniquecounter\unique
counter.sty
Package: uniquecounter 2019/12/15 v1.4 Provide unlimited unique counter (HO)
)
Package uniquecounter Info: New unique counter `rerunfilecheck' on input line 2
85.
)
\Hy@SectionHShift=\skip75
)
(C:\Users\lenovo\AppData\Local\Programs\MiKTeX\tex/latex/todonotes\todonotes.st
y
Package: todonotes 2024/01/05 v1.1.7 Todonotes source and documentation.
Package: todonotes 2024/01/05
 (C:\Users\lenovo\AppData\Local\Programs\MiKTeX\tex/latex/xkeyval\xkeyval.sty
Package: xkeyval 2022/06/16 v2.9 package option processing (HA)

(C:\Users\lenovo\AppData\Local\Programs\MiKTeX\tex/generic/xkeyval\xkeyval.tex
(C:\Users\lenovo\AppData\Local\Programs\MiKTeX\tex/generic/xkeyval\xkvutils.tex
\XKV@toks=\toks44
\XKV@tempa@toks=\toks45
)
\XKV@depth=\count352
File: xkeyval.tex 2014/12/03 v2.7a key=value parser (HA)
))
(C:\Users\lenovo\AppData\Local\Programs\MiKTeX\tex/latex/pgf/frontendlayer\tikz
.sty
(C:\Users\lenovo\AppData\Local\Programs\MiKTeX\tex/latex/pgf/basiclayer\pgf.sty

(C:\Users\lenovo\AppData\Local\Programs\MiKTeX\tex/latex/pgf/utilities\pgfrcs.s
ty
(C:\Users\lenovo\AppData\Local\Programs\MiKTeX\tex/generic/pgf/utilities\pgfuti
l-common.tex
\pgfutil@everybye=\toks46
\pgfutil@tempdima=\dimen322
\pgfutil@tempdimb=\dimen323
)
(C:\Users\lenovo\AppData\Local\Programs\MiKTeX\tex/generic/pgf/utilities\pgfuti
l-latex.def
\pgfutil@abb=\box92
)
(C:\Users\lenovo\AppData\Local\Programs\MiKTeX\tex/generic/pgf/utilities\pgfrcs
.code.tex
(C:\Users\lenovo\AppData\Local\Programs\MiKTeX\tex/generic/pgf\pgf.revision.tex
)
Package: pgfrcs 2023-01-15 v3.1.10 (3.1.10)
))
Package: pgf 2023-01-15 v3.1.10 (3.1.10)

(C:\Users\lenovo\AppData\Local\Programs\MiKTeX\tex/latex/pgf/basiclayer\pgfcore
.sty
(C:\Users\lenovo\AppData\Local\Programs\MiKTeX\tex/latex/pgf/systemlayer\pgfsys
.sty
(C:\Users\lenovo\AppData\Local\Programs\MiKTeX\tex/generic/pgf/systemlayer\pgfs
ys.code.tex
Package: pgfsys 2023-01-15 v3.1.10 (3.1.10)

(C:\Users\lenovo\AppData\Local\Programs\MiKTeX\tex/generic/pgf/utilities\pgfkey
s.code.tex
\pgfkeys@pathtoks=\toks47
\pgfkeys@temptoks=\toks48

(C:\Users\lenovo\AppData\Local\Programs\MiKTeX\tex/generic/pgf/utilities\pgfkey
slibraryfiltered.code.tex
\pgfkeys@tmptoks=\toks49
))
\pgf@x=\dimen324
\pgf@y=\dimen325
\pgf@xa=\dimen326
\pgf@ya=\dimen327
\pgf@xb=\dimen328
\pgf@yb=\dimen329
\pgf@xc=\dimen330
\pgf@yc=\dimen331
\pgf@xd=\dimen332
\pgf@yd=\dimen333
\w@pgf@writea=\write3
\r@pgf@reada=\read2
\c@pgf@counta=\count353
\c@pgf@countb=\count354
\c@pgf@countc=\count355
\c@pgf@countd=\count356
\t@pgf@toka=\toks50
\t@pgf@tokb=\toks51
\t@pgf@tokc=\toks52
\pgf@sys@id@count=\count357

(C:\Users\lenovo\AppData\Local\Programs\MiKTeX\tex/generic/pgf/systemlayer\pgf.
cfg
File: pgf.cfg 2023-01-15 v3.1.10 (3.1.10)
)
Driver file for pgf: pgfsys-xetex.def

(C:\Users\lenovo\AppData\Local\Programs\MiKTeX\tex/generic/pgf/systemlayer\pgfs
ys-xetex.def
File: pgfsys-xetex.def 2023-01-15 v3.1.10 (3.1.10)

(C:\Users\lenovo\AppData\Local\Programs\MiKTeX\tex/generic/pgf/systemlayer\pgfs
ys-dvipdfmx.def
File: pgfsys-dvipdfmx.def 2023-01-15 v3.1.10 (3.1.10)

(C:\Users\lenovo\AppData\Local\Programs\MiKTeX\tex/generic/pgf/systemlayer\pgfs
ys-common-pdf.def
File: pgfsys-common-pdf.def 2023-01-15 v3.1.10 (3.1.10)
)
\pgfsys@objnum=\count358
)))
(C:\Users\lenovo\AppData\Local\Programs\MiKTeX\tex/generic/pgf/systemlayer\pgfs
yssoftpath.code.tex
File: pgfsyssoftpath.code.tex 2023-01-15 v3.1.10 (3.1.10)
\pgfsyssoftpath@smallbuffer@items=\count359
\pgfsyssoftpath@bigbuffer@items=\count360
)
(C:\Users\lenovo\AppData\Local\Programs\MiKTeX\tex/generic/pgf/systemlayer\pgfs
ysprotocol.code.tex
File: pgfsysprotocol.code.tex 2023-01-15 v3.1.10 (3.1.10)
))
(C:\Users\lenovo\AppData\Local\Programs\MiKTeX\tex/generic/pgf/basiclayer\pgfco
re.code.tex
Package: pgfcore 2023-01-15 v3.1.10 (3.1.10)

(C:\Users\lenovo\AppData\Local\Programs\MiKTeX\tex/generic/pgf/math\pgfmath.cod
e.tex
(C:\Users\lenovo\AppData\Local\Programs\MiKTeX\tex/generic/pgf/math\pgfmathutil
.code.tex)
(C:\Users\lenovo\AppData\Local\Programs\MiKTeX\tex/generic/pgf/math\pgfmathpars
er.code.tex
\pgfmath@dimen=\dimen334
\pgfmath@count=\count361
\pgfmath@box=\box93
\pgfmath@toks=\toks53
\pgfmath@stack@operand=\toks54
\pgfmath@stack@operation=\toks55
)
(C:\Users\lenovo\AppData\Local\Programs\MiKTeX\tex/generic/pgf/math\pgfmathfunc
tions.code.tex)
(C:\Users\lenovo\AppData\Local\Programs\MiKTeX\tex/generic/pgf/math\pgfmathfunc
tions.basic.code.tex)
(C:\Users\lenovo\AppData\Local\Programs\MiKTeX\tex/generic/pgf/math\pgfmathfunc
tions.trigonometric.code.tex)
(C:\Users\lenovo\AppData\Local\Programs\MiKTeX\tex/generic/pgf/math\pgfmathfunc
tions.random.code.tex)
(C:\Users\lenovo\AppData\Local\Programs\MiKTeX\tex/generic/pgf/math\pgfmathfunc
tions.comparison.code.tex)
(C:\Users\lenovo\AppData\Local\Programs\MiKTeX\tex/generic/pgf/math\pgfmathfunc
tions.base.code.tex)
(C:\Users\lenovo\AppData\Local\Programs\MiKTeX\tex/generic/pgf/math\pgfmathfunc
tions.round.code.tex)
(C:\Users\lenovo\AppData\Local\Programs\MiKTeX\tex/generic/pgf/math\pgfmathfunc
tions.misc.code.tex)
(C:\Users\lenovo\AppData\Local\Programs\MiKTeX\tex/generic/pgf/math\pgfmathfunc
tions.integerarithmetics.code.tex)
(C:\Users\lenovo\AppData\Local\Programs\MiKTeX\tex/generic/pgf/math\pgfmathcalc
.code.tex)
(C:\Users\lenovo\AppData\Local\Programs\MiKTeX\tex/generic/pgf/math\pgfmathfloa
t.code.tex
\c@pgfmathroundto@lastzeros=\count362
))
(C:\Users\lenovo\AppData\Local\Programs\MiKTeX\tex/generic/pgf/math\pgfint.code
.tex)
(C:\Users\lenovo\AppData\Local\Programs\MiKTeX\tex/generic/pgf/basiclayer\pgfco
repoints.code.tex
File: pgfcorepoints.code.tex 2023-01-15 v3.1.10 (3.1.10)
\pgf@picminx=\dimen335
\pgf@picmaxx=\dimen336
\pgf@picminy=\dimen337
\pgf@picmaxy=\dimen338
\pgf@pathminx=\dimen339
\pgf@pathmaxx=\dimen340
\pgf@pathminy=\dimen341
\pgf@pathmaxy=\dimen342
\pgf@xx=\dimen343
\pgf@xy=\dimen344
\pgf@yx=\dimen345
\pgf@yy=\dimen346
\pgf@zx=\dimen347
\pgf@zy=\dimen348
)
(C:\Users\lenovo\AppData\Local\Programs\MiKTeX\tex/generic/pgf/basiclayer\pgfco
repathconstruct.code.tex
File: pgfcorepathconstruct.code.tex 2023-01-15 v3.1.10 (3.1.10)
\pgf@path@lastx=\dimen349
\pgf@path@lasty=\dimen350
)
(C:\Users\lenovo\AppData\Local\Programs\MiKTeX\tex/generic/pgf/basiclayer\pgfco
repathusage.code.tex
File: pgfcorepathusage.code.tex 2023-01-15 v3.1.10 (3.1.10)
\pgf@shorten@end@additional=\dimen351
\pgf@shorten@start@additional=\dimen352
)
(C:\Users\lenovo\AppData\Local\Programs\MiKTeX\tex/generic/pgf/basiclayer\pgfco
rescopes.code.tex
File: pgfcorescopes.code.tex 2023-01-15 v3.1.10 (3.1.10)
\pgfpic=\box94
\pgf@hbox=\box95
\pgf@layerbox@main=\box96
\pgf@picture@serial@count=\count363
)
(C:\Users\lenovo\AppData\Local\Programs\MiKTeX\tex/generic/pgf/basiclayer\pgfco
regraphicstate.code.tex
File: pgfcoregraphicstate.code.tex 2023-01-15 v3.1.10 (3.1.10)
\pgflinewidth=\dimen353
)
(C:\Users\lenovo\AppData\Local\Programs\MiKTeX\tex/generic/pgf/basiclayer\pgfco
retransformations.code.tex
File: pgfcoretransformations.code.tex 2023-01-15 v3.1.10 (3.1.10)
\pgf@pt@x=\dimen354
\pgf@pt@y=\dimen355
\pgf@pt@temp=\dimen356
)
(C:\Users\lenovo\AppData\Local\Programs\MiKTeX\tex/generic/pgf/basiclayer\pgfco
requick.code.tex
File: pgfcorequick.code.tex 2023-01-15 v3.1.10 (3.1.10)
)
(C:\Users\lenovo\AppData\Local\Programs\MiKTeX\tex/generic/pgf/basiclayer\pgfco
reobjects.code.tex
File: pgfcoreobjects.code.tex 2023-01-15 v3.1.10 (3.1.10)
)
(C:\Users\lenovo\AppData\Local\Programs\MiKTeX\tex/generic/pgf/basiclayer\pgfco
repathprocessing.code.tex
File: pgfcorepathprocessing.code.tex 2023-01-15 v3.1.10 (3.1.10)
)
(C:\Users\lenovo\AppData\Local\Programs\MiKTeX\tex/generic/pgf/basiclayer\pgfco
rearrows.code.tex
File: pgfcorearrows.code.tex 2023-01-15 v3.1.10 (3.1.10)
\pgfarrowsep=\dimen357
)
(C:\Users\lenovo\AppData\Local\Programs\MiKTeX\tex/generic/pgf/basiclayer\pgfco
reshade.code.tex
File: pgfcoreshade.code.tex 2023-01-15 v3.1.10 (3.1.10)
\pgf@max=\dimen358
\pgf@sys@shading@range@num=\count364
\pgf@shadingcount=\count365
)
(C:\Users\lenovo\AppData\Local\Programs\MiKTeX\tex/generic/pgf/basiclayer\pgfco
reimage.code.tex
File: pgfcoreimage.code.tex 2023-01-15 v3.1.10 (3.1.10)
)
(C:\Users\lenovo\AppData\Local\Programs\MiKTeX\tex/generic/pgf/basiclayer\pgfco
reexternal.code.tex
File: pgfcoreexternal.code.tex 2023-01-15 v3.1.10 (3.1.10)
\pgfexternal@startupbox=\box97
)
(C:\Users\lenovo\AppData\Local\Programs\MiKTeX\tex/generic/pgf/basiclayer\pgfco
relayers.code.tex
File: pgfcorelayers.code.tex 2023-01-15 v3.1.10 (3.1.10)
)
(C:\Users\lenovo\AppData\Local\Programs\MiKTeX\tex/generic/pgf/basiclayer\pgfco
retransparency.code.tex
File: pgfcoretransparency.code.tex 2023-01-15 v3.1.10 (3.1.10)
)
(C:\Users\lenovo\AppData\Local\Programs\MiKTeX\tex/generic/pgf/basiclayer\pgfco
repatterns.code.tex
File: pgfcorepatterns.code.tex 2023-01-15 v3.1.10 (3.1.10)
)
(C:\Users\lenovo\AppData\Local\Programs\MiKTeX\tex/generic/pgf/basiclayer\pgfco
rerdf.code.tex
File: pgfcorerdf.code.tex 2023-01-15 v3.1.10 (3.1.10)
)))
(C:\Users\lenovo\AppData\Local\Programs\MiKTeX\tex/generic/pgf/modules\pgfmodul
eshapes.code.tex
File: pgfmoduleshapes.code.tex 2023-01-15 v3.1.10 (3.1.10)
\pgfnodeparttextbox=\box98
)
(C:\Users\lenovo\AppData\Local\Programs\MiKTeX\tex/generic/pgf/modules\pgfmodul
eplot.code.tex
File: pgfmoduleplot.code.tex 2023-01-15 v3.1.10 (3.1.10)
)
(C:\Users\lenovo\AppData\Local\Programs\MiKTeX\tex/latex/pgf/compatibility\pgfc
omp-version-0-65.sty
Package: pgfcomp-version-0-65 2023-01-15 v3.1.10 (3.1.10)
\pgf@nodesepstart=\dimen359
\pgf@nodesepend=\dimen360
)
(C:\Users\lenovo\AppData\Local\Programs\MiKTeX\tex/latex/pgf/compatibility\pgfc
omp-version-1-18.sty
Package: pgfcomp-version-1-18 2023-01-15 v3.1.10 (3.1.10)
))
(C:\Users\lenovo\AppData\Local\Programs\MiKTeX\tex/latex/pgf/utilities\pgffor.s
ty
(C:\Users\lenovo\AppData\Local\Programs\MiKTeX\tex/latex/pgf/utilities\pgfkeys.
sty
(C:\Users\lenovo\AppData\Local\Programs\MiKTeX\tex/generic/pgf/utilities\pgfkey
s.code.tex))
(C:\Users\lenovo\AppData\Local\Programs\MiKTeX\tex/latex/pgf/math\pgfmath.sty
(C:\Users\lenovo\AppData\Local\Programs\MiKTeX\tex/generic/pgf/math\pgfmath.cod
e.tex))
(C:\Users\lenovo\AppData\Local\Programs\MiKTeX\tex/generic/pgf/utilities\pgffor
.code.tex
Package: pgffor 2023-01-15 v3.1.10 (3.1.10)
\pgffor@iter=\dimen361
\pgffor@skip=\dimen362
\pgffor@stack=\toks56
\pgffor@toks=\toks57
))
(C:\Users\lenovo\AppData\Local\Programs\MiKTeX\tex/generic/pgf/frontendlayer/ti
kz\tikz.code.tex
Package: tikz 2023-01-15 v3.1.10 (3.1.10)

(C:\Users\lenovo\AppData\Local\Programs\MiKTeX\tex/generic/pgf/libraries\pgflib
raryplothandlers.code.tex
File: pgflibraryplothandlers.code.tex 2023-01-15 v3.1.10 (3.1.10)
\pgf@plot@mark@count=\count366
\pgfplotmarksize=\dimen363
)
\tikz@lastx=\dimen364
\tikz@lasty=\dimen365
\tikz@lastxsaved=\dimen366
\tikz@lastysaved=\dimen367
\tikz@lastmovetox=\dimen368
\tikz@lastmovetoy=\dimen369
\tikzleveldistance=\dimen370
\tikzsiblingdistance=\dimen371
\tikz@figbox=\box99
\tikz@figbox@bg=\box100
\tikz@tempbox=\box101
\tikz@tempbox@bg=\box102
\tikztreelevel=\count367
\tikznumberofchildren=\count368
\tikznumberofcurrentchild=\count369
\tikz@fig@count=\count370

(C:\Users\lenovo\AppData\Local\Programs\MiKTeX\tex/generic/pgf/modules\pgfmodul
ematrix.code.tex
File: pgfmodulematrix.code.tex 2023-01-15 v3.1.10 (3.1.10)
\pgfmatrixcurrentrow=\count371
\pgfmatrixcurrentcolumn=\count372
\pgf@matrix@numberofcolumns=\count373
)
\tikz@expandcount=\count374

(C:\Users\lenovo\AppData\Local\Programs\MiKTeX\tex/generic/pgf/frontendlayer/ti
kz/libraries\tikzlibrarytopaths.code.tex
File: tikzlibrarytopaths.code.tex 2023-01-15 v3.1.10 (3.1.10)
)))
(C:\Users\lenovo\AppData\Local\Programs\MiKTeX\tex/generic/pgf/frontendlayer/ti
kz/libraries\tikzlibrarypositioning.code.tex
File: tikzlibrarypositioning.code.tex 2023-01-15 v3.1.10 (3.1.10)
)
\c@@todonotes@numberoftodonotes=\count375
)
(C:\Users\lenovo\AppData\Local\Programs\MiKTeX\tex/latex/fancyhdr\fancyhdr.sty
Package: fancyhdr 2024/07/23 v4.3.1 Extensive control of page headers and foote
rs
\f@nch@headwidth=\skip76
\f@nch@O@elh=\skip77
\f@nch@O@erh=\skip78
\f@nch@O@olh=\skip79
\f@nch@O@orh=\skip80
\f@nch@O@elf=\skip81
\f@nch@O@erf=\skip82
\f@nch@O@olf=\skip83
\f@nch@O@orf=\skip84
) (C:\Users\lenovo\AppData\Local\Programs\MiKTeX\tex/latex/setspace\setspace.st
y
Package: setspace 2022/12/04 v6.7b set line spacing
)
(C:\Users\lenovo\AppData\Local\Programs\MiKTeX\tex/latex/algorithms\algorithm.s
ty
Invalid UTF-8 byte or sequence at line 11 replaced by U+FFFD.
Package: algorithm 2009/08/24 v0.1 Document Style `algorithm' - floating enviro
nment
\@float@every@algorithm=\toks58
\c@algorithm=\count376
)
(C:\Users\lenovo\AppData\Local\Programs\MiKTeX\tex/latex/algorithms\algorithmic
.sty
Invalid UTF-8 byte or sequence at line 11 replaced by U+FFFD.
Package: algorithmic 2009/08/24 v0.1 Document Style `algorithmic'
\c@ALC@unique=\count377
\c@ALC@line=\count378
\c@ALC@rem=\count379
\c@ALC@depth=\count380
\ALC@tlm=\skip85
\algorithmicindent=\skip86
)
(C:\Users\lenovo\AppData\Local\Programs\MiKTeX\tex/latex/tabulary\tabulary.sty
Package: tabulary 2024/06/04 v0.11 tabulary package (DPC)


LaTeX Warning: You have requested, on input line 20, version
               `2024/05/23' of package array,
               but only version
               `2023/10/16 v2.5g Tabular extension package (FMi)'
               is available.

\TY@count=\count381
\TY@linewidth=\dimen372
\tymin=\dimen373
\tymax=\dimen374
\TY@tablewidth=\dimen375
)
(C:\Users\lenovo\AppData\Local\Programs\MiKTeX\tex/latex/adjustbox\adjustbox.st
y
Package: adjustbox 2022/10/17 v1.3a Adjusting TeX boxes (trim, clip, ...)

(C:\Users\lenovo\AppData\Local\Programs\MiKTeX\tex/latex/adjustbox\adjcalc.sty
Package: adjcalc 2012/05/16 v1.1 Provides advanced setlength with multiple back
-ends (calc, etex, pgfmath)
)
(C:\Users\lenovo\AppData\Local\Programs\MiKTeX\tex/latex/adjustbox\trimclip.sty
Package: trimclip 2020/08/19 v1.2 Trim and clip general TeX material

(C:\Users\lenovo\AppData\Local\Programs\MiKTeX\tex/latex/collectbox\collectbox.
sty
Package: collectbox 2022/10/17 v0.4c Collect macro arguments as boxes
\collectedbox=\box103
)
\tc@llx=\dimen376
\tc@lly=\dimen377
\tc@urx=\dimen378
\tc@ury=\dimen379
Package trimclip Info: Using driver 'tc-xetex.def'.

(C:\Users\lenovo\AppData\Local\Programs\MiKTeX\tex/latex/adjustbox\tc-xetex.def
File: tc-xetex.def 2019/01/04 v2.2 Clipping driver for xetex
))
\adjbox@Width=\dimen380
\adjbox@Height=\dimen381
\adjbox@Depth=\dimen382
\adjbox@Totalheight=\dimen383
\adjbox@pwidth=\dimen384
\adjbox@pheight=\dimen385
\adjbox@pdepth=\dimen386
\adjbox@ptotalheight=\dimen387

(C:\Users\lenovo\AppData\Local\Programs\MiKTeX\tex/latex/ifoddpage\ifoddpage.st
y
Package: ifoddpage 2022/10/18 v1.2 Conditionals for odd/even page detection
\c@checkoddpage=\count382
)
(C:\Users\lenovo\AppData\Local\Programs\MiKTeX\tex/latex/varwidth\varwidth.sty
Package: varwidth 2009/03/30 ver 0.92;  Variable-width minipages
\@vwid@box=\box104
\sift@deathcycles=\count383
\@vwid@loff=\dimen388
\@vwid@roff=\dimen389
)) (C:\Users\lenovo\AppData\Local\Programs\MiKTeX\tex/latex/tocloft\tocloft.sty
Package: tocloft 2017/08/31 v2.3i parameterised ToC, etc., typesetting
Package tocloft Info: The document has chapter divisions on input line 51.
\cftparskip=\skip87
\cftbeforetoctitleskip=\skip88
\cftaftertoctitleskip=\skip89
\cftbeforepartskip=\skip90
\cftpartnumwidth=\skip91
\cftpartindent=\skip92
\cftbeforechapskip=\skip93
\cftchapindent=\skip94
\cftchapnumwidth=\skip95
\cftbeforesecskip=\skip96
\cftsecindent=\skip97
\cftsecnumwidth=\skip98
\cftbeforesubsecskip=\skip99
\cftsubsecindent=\skip100
\cftsubsecnumwidth=\skip101
\cftbeforesubsubsecskip=\skip102
\cftsubsubsecindent=\skip103
\cftsubsubsecnumwidth=\skip104
\cftbeforeparaskip=\skip105
\cftparaindent=\skip106
\cftparanumwidth=\skip107
\cftbeforesubparaskip=\skip108
\cftsubparaindent=\skip109
\cftsubparanumwidth=\skip110
\cftbeforeloftitleskip=\skip111
\cftafterloftitleskip=\skip112
\cftbeforefigskip=\skip113
\cftfigindent=\skip114
\cftfignumwidth=\skip115
\cftbeforelottitleskip=\skip116
\cftafterlottitleskip=\skip117
\cftbeforetabskip=\skip118
\cfttabindent=\skip119
\cfttabnumwidth=\skip120
\cftbeforesubfigskip=\skip121
\cftsubfigindent=\skip122
\cftsubfignumwidth=\skip123
\cftbeforesubtabskip=\skip124
\cftsubtabindent=\skip125
\cftsubtabnumwidth=\skip126
)
(C:\Users\lenovo\AppData\Local\Programs\MiKTeX\tex/latex/tocbibind\tocbibind.st
y
Package: tocbibind 2010/10/13 v1.5k extra ToC listings
Package tocbibind Info: The document has chapter divisions on input line 50.


Package tocbibind Note: Using chapter style headings, unless overridden.

) (C:\Users\lenovo\AppData\Local\Programs\MiKTeX\tex/latex/base\makeidx.sty
Package: makeidx 2021/10/04 v1.0m Standard LaTeX package
)
\@indexfile=\write4
\openout4 = `Alireza_Amiri_Robotics_Research2.idx'.


Writing index file Alireza_Amiri_Robotics_Research2.idx
(C:\Users\lenovo\AppData\Local\Programs\MiKTeX\tex/latex/tools\indentfirst.sty
Package: indentfirst 2023/07/02 v1.03 Indent first paragraph (DPC)
)
(C:\Users\lenovo\AppData\Local\Programs\MiKTeX\tex/latex/morewrites\morewrites.
sty
(C:\Users\lenovo\AppData\Local\Programs\MiKTeX\tex/latex/morewrites\primargs.st
y
Package: primargs 2024/02/02 Parsing arguments of primitives
)
Package: morewrites 2024/02/02 Always room for a new write
\g__morewrites_later_int=\count384
\l__morewrites_user_int=\count385
\g__morewrites_iow=\write5
\g__morewrites_ior=\read3
\g__morewrites_group_level_int=\count386
\g__morewrites_shipout_box=\box105
\l__morewrites_collect_next_int=\count387
\g__morewrites_alloc_write_int=\count388
)
(C:\Users\lenovo\AppData\Local\Programs\MiKTeX\tex/latex/zref\zref-perpage.sty
Package: zref-perpage 2023-09-14 v2.35 Module perpage for zref (HO)

(C:\Users\lenovo\AppData\Local\Programs\MiKTeX\tex/latex/zref\zref-base.sty
Package: zref-base 2023-09-14 v2.35 Module base for zref (HO)

(C:\Users\lenovo\AppData\Local\Programs\MiKTeX\tex/generic/etexcmds\etexcmds.st
y
Package: etexcmds 2019/12/15 v1.7 Avoid name clashes with e-TeX commands (HO)
)
Package zref Info: New property list: main on input line 767.
Package zref Info: New property: default on input line 768.
Package zref Info: New property: page on input line 769.
)
(C:\Users\lenovo\AppData\Local\Programs\MiKTeX\tex/latex/zref\zref-abspage.sty
Package: zref-abspage 2023-09-14 v2.35 Module abspage for zref (HO)
\c@abspage=\count389
Package zref Info: New property: abspage on input line 67.
)
Package zref Info: New property: pagevalue on input line 57.
Package zref Info: New property list: perpage on input line 58.
\c@zpage=\count390
\c@zref@unique=\count391
)
(C:\Users\lenovo\AppData\Local\Programs\MiKTeX\tex/latex/glossaries/base\glossa
ries.sty
Package: glossaries 2024/04/03 v4.54 (NLCT)

(C:\Users\lenovo\AppData\Local\Programs\MiKTeX\tex/latex/mfirstuc\mfirstuc.sty
Package: mfirstuc 2022/10/14 v2.08 (NLCT)
\@glsmfirst=\toks59
\@glsmrest=\toks60
) (C:\Users\lenovo\AppData\Local\Programs\MiKTeX\tex/latex/xfor\xfor.sty
Package: xfor 2009/02/05 v1.05 (NLCT)
)
(C:\Users\lenovo\AppData\Local\Programs\MiKTeX\tex/latex/datatool\datatool-base
.sty
Package: datatool-base 2019/09/27 v2.32 (NLCT)
 (C:\Users\lenovo\AppData\Local\Programs\MiKTeX\tex/latex/substr\substr.sty
Package: substr 2009/10/20 v1.2 Handle substrings
\c@su@anzahl=\count392
)
(C:\Users\lenovo\AppData\Local\Programs\MiKTeX\tex/latex/datatool\datatool-fp.s
ty
Package: datatool-fp 2019/09/27 v2.32 (NLCT)
 (C:\Users\lenovo\AppData\Local\Programs\MiKTeX\tex/latex/fp\fp.sty
Package: fp 1995/04/02

`Fixed Point Package', Version 0.8, April 2, 1995 (C) Michael Mehlich
(C:\Users\lenovo\AppData\Local\Programs\MiKTeX\tex/latex/fp\defpattern.sty
Package: defpattern 1994/10/12
\actioncount=\count393
)
(C:\Users\lenovo\AppData\Local\Programs\MiKTeX\tex/latex/fp\fp-basic.sty
Package: fp-basic 1996/05/13
\FP@xs=\count394
\FP@xia=\count395
\FP@xib=\count396
\FP@xfa=\count397
\FP@xfb=\count398
\FP@rega=\count399
\FP@regb=\count400
\FP@regs=\count401
\FP@times=\count402
)
(C:\Users\lenovo\AppData\Local\Programs\MiKTeX\tex/latex/fp\fp-addons.sty
Package: fp-addons 1995/03/15
)
(C:\Users\lenovo\AppData\Local\Programs\MiKTeX\tex/latex/fp\fp-snap.sty
Package: fp-snap 1995/04/05
)
(C:\Users\lenovo\AppData\Local\Programs\MiKTeX\tex/latex/fp\fp-exp.sty
Package: fp-exp 1995/04/03
)
(C:\Users\lenovo\AppData\Local\Programs\MiKTeX\tex/latex/fp\fp-trigo.sty
Package: fp-trigo 1995/04/14
)
(C:\Users\lenovo\AppData\Local\Programs\MiKTeX\tex/latex/fp\fp-pas.sty
Package: fp-pas 1994/08/29
)
(C:\Users\lenovo\AppData\Local\Programs\MiKTeX\tex/latex/fp\fp-random.sty
Package: fp-random 1995/02/23
\FPseed=\count403
)
(C:\Users\lenovo\AppData\Local\Programs\MiKTeX\tex/latex/fp\fp-eqn.sty
Package: fp-eqn 1995/04/03
)
(C:\Users\lenovo\AppData\Local\Programs\MiKTeX\tex/latex/fp\fp-upn.sty
Package: fp-upn 1996/10/21
)
(C:\Users\lenovo\AppData\Local\Programs\MiKTeX\tex/latex/fp\fp-eval.sty
Package: fp-eval 1995/04/03
)))
\@dtl@toks=\toks61
\@dtl@tmpcount=\count404
\dtl@tmplength=\skip127
\dtl@sortresult=\count405
\@dtl@numgrpsepcount=\count406
\@dtl@datatype=\count407
\dtl@codeA=\count408
\dtl@codeB=\count409
\@dtl@foreach@level=\count410
)
\gls@level=\count411
\@gls@tmpb=\toks62
\gls@tmplen=\skip128
\glskeylisttok=\toks63
\glslabeltok=\toks64
\glsshorttok=\toks65
\glslongtok=\toks66

(C:\Users\lenovo\AppData\Local\Programs\MiKTeX\tex/latex/glossaries/styles\glos
sary-hypernav.sty
Package: glossary-hypernav 2024/04/03 v4.54 (NLCT)
)
(C:\Users\lenovo\AppData\Local\Programs\MiKTeX\tex/latex/glossaries/styles\glos
sary-list.sty
Package: glossary-list 2024/04/03 v4.54 (NLCT)
\glslistdottedwidth=\skip129
)
(C:\Users\lenovo\AppData\Local\Programs\MiKTeX\tex/latex/glossaries/styles\glos
sary-long.sty
Package: glossary-long 2024/04/03 v4.54 (NLCT)

(C:\Users\lenovo\AppData\Local\Programs\MiKTeX\tex/latex/tools\longtable.sty
Package: longtable 2023-11-01 v4.19 Multi-page Table package (DPC)
\LTleft=\skip130
\LTright=\skip131
\LTpre=\skip132
\LTpost=\skip133
\LTchunksize=\count412
\LTcapwidth=\dimen390
\LT@head=\box106
\LT@firsthead=\box107
\LT@foot=\box108
\LT@lastfoot=\box109
\LT@gbox=\box110
\LT@cols=\count413
\LT@rows=\count414
\c@LT@tables=\count415
\c@LT@chunks=\count416
\LT@p@ftn=\toks67
)
\glsdescwidth=\skip134
\glspagelistwidth=\skip135
)
(C:\Users\lenovo\AppData\Local\Programs\MiKTeX\tex/latex/glossaries/styles\glos
sary-super.sty
Package: glossary-super 2024/04/03 v4.54 (NLCT)

(C:\Users\lenovo\AppData\Local\Programs\MiKTeX\tex/latex/supertabular\supertabu
lar.sty
Package: supertabular 2024/07/20 v4.2c the supertabular environment
\c@tracingst=\count417
\ST@wd=\dimen391
\ST@rightskip=\skip136
\ST@leftskip=\skip137
\ST@parfillskip=\skip138
\ST@pageleft=\dimen392
\ST@headht=\dimen393
\ST@tailht=\dimen394
\ST@pagesofar=\dimen395
\ST@pboxht=\dimen396
\ST@rowht=\dimen397
\ST@prevht=\dimen398
\ST@toadd=\dimen399
\ST@dimen=\dimen400
\ST@pbox=\box111
))
(C:\Users\lenovo\AppData\Local\Programs\MiKTeX\tex/latex/glossaries/styles\glos
sary-tree.sty
Package: glossary-tree 2024/04/03 v4.54 (NLCT)
\glstreeindent=\skip139
))
(C:\Users\lenovo\AppData\Local\Programs\MiKTeX\tex/xelatex/xepersian\xepersian.
sty
Package: xepersian 2023/08/30 v25.0 (Release Women, Life, and Freedom) Persian 
typesetting in XeLaTeX

(C:\Users\lenovo\AppData\Local\Programs\MiKTeX\tex/latex/fontspec\fontspec.sty
(C:\Users\lenovo\AppData\Local\Programs\MiKTeX\tex/latex/l3packages/xparse\xpar
se.sty
Package: xparse 2023-10-10 L3 Experimental document command parser
)
Package: fontspec 2022/01/15 v2.8a Font selection for XeLaTeX and LuaLaTeX

(C:\Users\lenovo\AppData\Local\Programs\MiKTeX\tex/latex/fontspec\fontspec-xete
x.sty
Package: fontspec-xetex 2022/01/15 v2.8a Font selection for XeLaTeX and LuaLaTe
X
\l__fontspec_script_int=\count418
\l__fontspec_language_int=\count419
\l__fontspec_strnum_int=\count420
\l__fontspec_tmp_int=\count421
\l__fontspec_tmpa_int=\count422
\l__fontspec_tmpb_int=\count423
\l__fontspec_tmpc_int=\count424
\l__fontspec_em_int=\count425
\l__fontspec_emdef_int=\count426
\l__fontspec_strong_int=\count427
\l__fontspec_strongdef_int=\count428
\l__fontspec_tmpa_dim=\dimen401
\l__fontspec_tmpb_dim=\dimen402
\l__fontspec_tmpc_dim=\dimen403
 (C:\Users\lenovo\AppData\Local\Programs\MiKTeX\tex/latex/base\fontenc.sty
Package: fontenc 2021/04/29 v2.0v Standard LaTeX package
)
(C:\Users\lenovo\AppData\Local\Programs\MiKTeX\tex/latex/fontspec\fontspec.cfg)
))
(C:\Users\lenovo\AppData\Local\Programs\MiKTeX\tex/xelatex/xepersian\xepersian-
persiancal.sty
Package: xepersian-persiancal 2012/07/25 v0.2 provides Persian calendar
\XePersian@i=\count429
\XePersian@y=\count430
\XePersian@m=\count431
\XePersian@d=\count432
\XePersian@latini=\count433
\XePersian@persiani=\count434
\XePersian@latinii=\count435
\XePersian@persianii=\count436
\XePersian@latiniii=\count437
\XePersian@persianiii=\count438
\XePersian@latiniv=\count439
\XePersian@persianiv=\count440
\XePersian@latinv=\count441
\XePersian@persianv=\count442
\XePersian@latinvi=\count443
\XePersian@persianvi=\count444
\XePersian@latinvii=\count445
\XePersian@persianvii=\count446
\XePersian@latinviii=\count447
\XePersian@persianviii=\count448
\XePersian@latinix=\count449
\XePersian@persianix=\count450
\XePersian@latinx=\count451
\XePersian@persianx=\count452
\XePersian@latinxi=\count453
\XePersian@persianxi=\count454
\XePersian@latinxii=\count455
\XePersian@persianxii=\count456
\XePersian@persianxiii=\count457
\XePersian@temp=\count458
\XePersian@temptwo=\count459
\XePersian@tempthree=\count460
\XePersian@yModHundred=\count461
\XePersian@thirtytwo=\count462
\XePersian@dn=\count463
\XePersian@sn=\count464
\XePersian@mminusone=\count465
)
(C:\Users\lenovo\AppData\Local\Programs\MiKTeX\tex/xelatex/xepersian\xepersian-
mathdigitspec.sty
Package: xepersian-mathdigitspec 2022/05/20 v1.2.0 Unicode Persian math digits 
in XeLaTeX
)
(C:\Users\lenovo\AppData\Local\Programs\MiKTeX\tex/xelatex/bidi\bidi.sty
Package: bidi 2023/08/02 v39.8 (Release Donald Ervin Knuth) Bidirectional types
etting in plain TeX and LaTeX

****************************************************
* 
* bidi package (Bidirectional typesetting in
* plain TeX and LaTeX, using XeTeX engine)
* 
* Description: A convenient interface for
* typesetting bidirectional texts in plain TeX
* and LaTeX. The package includes adaptations
* for use with many other commonly-used packages.
* 
* Copyright (c) 2007--2023 Vafa Khalighi
* Copyright (c) 2018--2020 bidi-tex GitHub organization
* 
* v39.8 (Release Donald Ervin Knuth), 2023/08/02
* 
* License: LaTeX Project Public License, version
* 1.3c or higher (your choice)
* 
* Location on CTAN: /macros/xetex/latex/bidi
* 
* Issue tracker: https://github.com/kvafa/bidi/issues
* 
* Discussions: https://github.com/kvafa/bidi/discussions
* 
* Primary author of bidi package: Vafa Khalighi.
* 
****************************************************
(C:\Users\lenovo\AppData\Local\Programs\MiKTeX\tex/xelatex/bidi\biditools.sty
Package: biditools 2022/06/15 v2.3 Programming tools for bidi package
\@bidi@envbody=\toks68
\@bidi@emptytoks=\toks69
\bidi@poscount=\count466
\bidi@tempcountb=\count467
\bidi@temptoksa=\toks70
\bidi@temptoksb=\toks71
\bidi@dummies=\count468
\bidi@are@these@correct=\toks72
\bidi@toks@lista=\toks73
\bidi@toks@listb=\toks74
\bidi@stack@length=\count469
\bidi@empty@stack=\toks75
\bidi@looprepeat@depth=\count470
)
\@bidi@copyins@=\insert252

(C:\Users\lenovo\AppData\Local\Programs\MiKTeX\tex/xelatex/bidi\latex-xetex-bid
i.def
File: latex-xetex-bidi.def 2022/07/04 v1.4.9 bidi adaptations for `latex.ltx' f
or XeTeX engine
\bidi@n@everypar=\toks76
\bidi@column@check@number=\count471

(C:\Users\lenovo\AppData\Local\Programs\MiKTeX\tex/xelatex/bidi\footnote-xetex-
bidi.def
File: footnote-xetex-bidi.def 2023/01/18 v1.2 bidi footnote macros for XeTeX en
gine
\c@footdir@label=\count472
\footdir@toks=\toks77
)
(C:\Users\lenovo\AppData\Local\Programs\MiKTeX\tex/xelatex/bidi\book-xetex-bidi
.def
File: book-xetex-bidi.def 2017/06/09 v1.0 bidi adaptations for standard book cl
ass for XeTeX engine
)
(C:\Users\lenovo\AppData\Local\Programs\MiKTeX\tex/xelatex/bidi\amsmath-xetex-b
idi.def
File: amsmath-xetex-bidi.def 2020/05/16 v1.2 bidi adaptations for amsmath packa
ge for XeTeX engine
)
(C:\Users\lenovo\AppData\Local\Programs\MiKTeX\tex/xelatex/bidi\amstext-xetex-b
idi.def
File: amstext-xetex-bidi.def 2016/09/12 v0.2 bidi adaptations for amstext packa
ge for XeTeX engine
)
(C:\Users\lenovo\AppData\Local\Programs\MiKTeX\tex/xelatex/bidi\amsthm-xetex-bi
di.def
File: amsthm-xetex-bidi.def 2010/07/25 v0.1 bidi adaptations for amsthm package
 for XeTeX engine
)
(C:\Users\lenovo\AppData\Local\Programs\MiKTeX\tex/xelatex/bidi\caption-xetex-b
idi.def
File: caption-xetex-bidi.def 2010/07/25 v0.1 bidi adaptations for caption packa
ge for XeTeX engine
)
(C:\Users\lenovo\AppData\Local\Programs\MiKTeX\tex/xelatex/bidi\caption3-xetex-
bidi.def
File: caption3-xetex-bidi.def 2013/04/01 v0.1 bidi adaptations for caption3 pac
kage for XeTeX engine
)
(C:\Users\lenovo\AppData\Local\Programs\MiKTeX\tex/xelatex/bidi\color-xetex-bid
i.def
File: color-xetex-bidi.def 2013/04/08 v0.2 bidi adaptations for color package f
or XeTeX engine
LaTeX Info: Redefining \color on input line 49.
)
(C:\Users\lenovo\AppData\Local\Programs\MiKTeX\tex/xelatex/bidi\xcolor-xetex-bi
di.def
File: xcolor-xetex-bidi.def 2022/06/13 v0.3 bidi adaptations for xcolor package
 for XeTeX engine
LaTeX Info: Redefining \color on input line 48.
LaTeX Info: Redefining \bidicolor on input line 91.
)
(C:\Users\lenovo\AppData\Local\Programs\MiKTeX\tex/xelatex/bidi\colortbl-xetex-
bidi.def
File: colortbl-xetex-bidi.def 2012/06/10 v0.2 bidi adaptations for colortbl pac
kage for XeTeX engine
)
(C:\Users\lenovo\AppData\Local\Programs\MiKTeX\tex/xelatex/bidi\float-xetex-bid
i.def
File: float-xetex-bidi.def 2013/04/04 v0.2 bidi adaptations for float package f
or XeTeX engine
)
(C:\Users\lenovo\AppData\Local\Programs\MiKTeX\tex/xelatex/bidi\graphicx-xetex-
bidi.def
File: graphicx-xetex-bidi.def 2017/06/17 v0.5 bidi adaptations for graphicx pac
kage for XeTeX engine
)
(C:\Users\lenovo\AppData\Local\Programs\MiKTeX\tex/xelatex/bidi\geometry-xetex-
bidi.def
File: geometry-xetex-bidi.def 2017/01/14 v0.2 bidi adaptations for geometry pac
kage for XeTeX engine
)
(C:\Users\lenovo\AppData\Local\Programs\MiKTeX\tex/xelatex/bidi\tabularx-xetex-
bidi.def
File: tabularx-xetex-bidi.def 2014/11/08 v0.1 bidi adaptations for tabularx pac
kage for XeTeX engine
)
(C:\Users\lenovo\AppData\Local\Programs\MiKTeX\tex/xelatex/bidi\longtable-xetex
-bidi.def
File: longtable-xetex-bidi.def 2022/05/20 v0.6 bidi adaptations for longtable p
ackage for XeTeX engine
)
(C:\Users\lenovo\AppData\Local\Programs\MiKTeX\tex/xelatex/bidi\hyperref-xetex-
bidi.def
File: hyperref-xetex-bidi.def 2018/11/11 v1.1 bidi adaptations for hyperref pac
kage for XeTeX engine
)
(C:\Users\lenovo\AppData\Local\Programs\MiKTeX\tex/xelatex/bidi\fancyhdr-xetex-
bidi.def
File: fancyhdr-xetex-bidi.def 2018/02/15 v0.7 bidi adaptations for fancyhdr pac
kage for XeTeX engine
)
(C:\Users\lenovo\AppData\Local\Programs\MiKTeX\tex/xelatex/bidi\diagbox-xetex-b
idi.def
File: diagbox-xetex-bidi.def 2017/12/30 v0.2 bidi adaptations for diagbox packa
ge for XeTeX engine
)
(C:\Users\lenovo\AppData\Local\Programs\MiKTeX\tex/xelatex/bidi\eso-pic-xetex-b
idi.def
File: eso-pic-xetex-bidi.def 2022/02/18 v0.4 bidi adaptations for eso-pic packa
ge for XeTeX engine
)
(C:\Users\lenovo\AppData\Local\Programs\MiKTeX\tex/xelatex/bidi\framed-xetex-bi
di.def
File: framed-xetex-bidi.def 2012/06/05 v0.3 bidi adaptations for framed package
 for XeTeX engine
)
(C:\Users\lenovo\AppData\Local\Programs\MiKTeX\tex/xelatex/bidi\pdfpages-xetex-
bidi.def
File: pdfpages-xetex-bidi.def 2010/07/25 v0.1 bidi adaptations for pdfpages pac
kage for XeTeX engine
)
(C:\Users\lenovo\AppData\Local\Programs\MiKTeX\tex/xelatex/bidi\listings-xetex-
bidi.def
File: listings-xetex-bidi.def 2018/09/15 v1.5 bidi adaptations for listings pac
kage for XeTeX engine
)
(C:\Users\lenovo\AppData\Local\Programs\MiKTeX\tex/xelatex/bidi\pgfcorescopes.c
ode-xetex-bidi.def
File: pgfcorescopes.code-xetex-bidi.def 2015/11/14 v0.1 bidi adaptations for pg
f package for XeTeX engine
)
(C:\Users\lenovo\AppData\Local\Programs\MiKTeX\tex/xelatex/bidi\array-xetex-bid
i.def
File: array-xetex-bidi.def 2015/11/07 v0.3 bidi adaptations for array package f
or XeTeX engine
)
(C:\Users\lenovo\AppData\Local\Programs\MiKTeX\tex/xelatex/bidi\pgfsys.code-xet
ex-bidi.def
File: pgfsys.code-xetex-bidi.def 2022/06/01 v0.1 bidi adaptations for pgfsys.co
de.tex file for XeTeX engine
)
(C:\Users\lenovo\AppData\Local\Programs\MiKTeX\tex/xelatex/bidi\rotating-xetex-
bidi.def
File: rotating-xetex-bidi.def 2013/05/22 v0.2 bidi adaptations for rotating pac
kage for XeTeX engine
)
(C:\Users\lenovo\AppData\Local\Programs\MiKTeX\tex/xelatex/bidi\tabulary-xetex-
bidi.def
File: tabulary-xetex-bidi.def 2010/07/25 v0.1 bidi adaptations for tabulary pac
kage for XeTeX engine
)
(C:\Users\lenovo\AppData\Local\Programs\MiKTeX\tex/xelatex/bidi\tocbibind-xetex
-bidi.def
File: tocbibind-xetex-bidi.def 2017/06/09 v0.4 bidi adaptations for tocbibind p
ackage for XeTeX engine
)
(C:\Users\lenovo\AppData\Local\Programs\MiKTeX\tex/xelatex/bidi\tocloft-xetex-b
idi.def
File: tocloft-xetex-bidi.def 2023/08/02 v0.3 bidi adaptations for tocloft packa
ge for XeTeX engine
)
(C:\Users\lenovo\AppData\Local\Programs\MiKTeX\tex/xelatex/bidi\tc-xetex-bidi.d
ef
File: tc-xetex-bidi.def 2014/07/08 v0.1 bidi adaptations for Clipping driver fo
r XeTeX engine
)
(C:\Users\lenovo\AppData\Local\Programs\MiKTeX\tex/xelatex/bidi\todonotes-xetex
-bidi.def
File: todonotes-xetex-bidi.def 2016/11/08 v0.4 bidi adaptations for todonotes p
ackage for XeTeX engine
))
(C:\Users\lenovo\AppData\Local\Programs\MiKTeX\tex/xelatex/bidi\loadingorder-xe
tex-bidi.def
File: loadingorder-xetex-bidi.def 2017/12/29 v0.97 making sure that bidi is the
 last package loaded
)
\bidi@digits=\count473
\bidi@digits@charclass=\XeTeXcharclass1
\bidi@sepmark@charclass=\XeTeXcharclass2
)
****************************************************
* 
* xepersian package (Persian for LaTeX, using XeTeX engine)
* 
* Description: The package supports Persian
* typesetting, using fonts provided in the
* distribution.
* 
* Copyright (c) 2008--2023 Vafa Khalighi
* Copyright (c) 2018--2020 bidi-tex GitHub Organization
* 
* v25.0 (Release Women, Life, and Freedom), 2023/08/30
* 
* License: LaTeX Project Public License, version
* 1.3c or higher (your choice)
* 
* Location on CTAN: /macros/xetex/latex/xepersian
* 
* Issue tracker: https://github.com/kvafa/xepersian/issues
* 
* Discussions: https://github.com/kvafa/xepersian/discussions
* 
* Primary author of xepersian package: Vafa Khalighi.
* 
****************************************************
\xepersian@tcl=\count474
\xepersian@ilg=\dimen404
\xepersian@strutilg=\dimen405

(C:\Users\lenovo\AppData\Local\Programs\MiKTeX\tex/xelatex/xepersian\loadingord
er-xepersian.def
File: loadingorder-xepersian.def 2018/09/29 v0.5 making sure that xepersian is 
the last package loaded
)
(C:\Users\lenovo\AppData\Local\Programs\MiKTeX\tex/xelatex/xepersian\footnote-x
epersian.def
File: footnote-xepersian.def 2017/08/09 v0.6 footnote macros for xepersian pack
age
)
(C:\Users\lenovo\AppData\Local\Programs\MiKTeX\tex/xelatex/xepersian\listings-x
epersian.def
File: listings-xepersian.def 2014/07/17 v0.3 bilingual captions for listings pa
ckage
)
(C:\Users\lenovo\AppData\Local\Programs\MiKTeX\tex/xelatex/xepersian\algorithmi
c-xepersian.def
File: algorithmic-xepersian.def 2010/07/25 v0.2 adaptations for algorithmic pac
kage
)
(C:\Users\lenovo\AppData\Local\Programs\MiKTeX\tex/xelatex/xepersian\algorithm-
xepersian.def
File: algorithm-xepersian.def 2010/07/25 v0.2 adaptations for algorithm package

)
(C:\Users\lenovo\AppData\Local\Programs\MiKTeX\tex/xelatex/xepersian\framed-xep
ersian.def
File: framed-xepersian.def 2012/06/05 v0.1 xepersian adaptations for framed pac
kage for XeTeX engine
)
(C:\Users\lenovo\AppData\Local\Programs\MiKTeX\tex/xelatex/xepersian\glossaries
-xepersian.def
File: glossaries-xepersian.def 2014/09/04 v0.4 xepersian adaptations for glossa
ries package for XeTeX engine


Package glossaries Warning: \glsaddprotectedpagefmt has no effect with esclocat
ions=false on input line 41.


Package glossaries Warning: \glsaddprotectedpagefmt has no effect with esclocat
ions=false on input line 42.


Package glossaries Warning: \glsaddprotectedpagefmt has no effect with esclocat
ions=false on input line 43.

)
(C:\Users\lenovo\AppData\Local\Programs\MiKTeX\tex/xelatex/xepersian\hyperref-x
epersian.def
File: hyperref-xepersian.def 2022/10/30 v0.8 xepersian adaptations for hyperref
 package
)
(C:\Users\lenovo\AppData\Local\Programs\MiKTeX\tex/xelatex/xepersian\tocloft-xe
persian.def
File: tocloft-xepersian.def 2010/07/25 v0.1 bilingual captions for tocloft pack
age
)
(C:\Users\lenovo\AppData\Local\Programs\MiKTeX\tex/xelatex/xepersian\url-xepers
ian.def
File: url-xepersian.def 2022/02/18 v0.1 adaptations for url package
)
(C:\Users\lenovo\AppData\Local\Programs\MiKTeX\tex/xelatex/xepersian\book-xeper
sian.def
File: book-xepersian.def 2010/07/25 v0.2 adaptations for standard book class
)
(C:\Users\lenovo\AppData\Local\Programs\MiKTeX\tex/xelatex/xepersian\localise-x
epersian.def
File: localise-xepersian.def 2022/06/06 v0.2c Persian localisation of LaTeX2e

(C:\Users\lenovo\AppData\Local\Programs\MiKTeX\tex/xelatex/xepersian\latex-loca
lise-commands-xepersian.def
File: latex-localise-commands-xepersian.def 2014/02/05 v0.3 Persian localisatio
n of LaTeX2e commands
)
(C:\Users\lenovo\AppData\Local\Programs\MiKTeX\tex/xelatex/xepersian\xepersian-
localise-commands-xepersian.def
File: xepersian-localise-commands-xepersian.def 2012/07/25 v0.2 Persian localis
ation of XePersian commands
)
(C:\Users\lenovo\AppData\Local\Programs\MiKTeX\tex/xelatex/xepersian\latex-loca
lise-environments-xepersian.def
File: latex-localise-environments-xepersian.def 2022/06/06 v0.3 Persian localis
ation of LaTeX2e environments
)
(C:\Users\lenovo\AppData\Local\Programs\MiKTeX\tex/xelatex/xepersian\xepersian-
localise-environments-xepersian.def
File: xepersian-localise-environments-xepersian.def 2010/07/25 v0.1 Persian loc
alisation of XePersian and bidi environments
)
(C:\Users\lenovo\AppData\Local\Programs\MiKTeX\tex/xelatex/xepersian\latex-loca
lise-messages-xepersian.def
File: latex-localise-messages-xepersian.def 2011/03/01 v0.1 localising LaTeX2e 
messages
)
(C:\Users\lenovo\AppData\Local\Programs\MiKTeX\tex/xelatex/xepersian\latex-loca
lise-misc-xepersian.def
File: latex-localise-misc-xepersian.def 2012/01/01 v0.2 miscellaneous Persian l
ocalisation of LaTeX2e
)
(C:\Users\lenovo\AppData\Local\Programs\MiKTeX\tex/xelatex/xepersian\packages-l
ocalise-xepersian.def
File: packages-localise-xepersian.def 2013/04/24 v0.2 localising LaTeX2e Packag
es

(C:\Users\lenovo\AppData\Local\Programs\MiKTeX\tex/xelatex/xepersian\color-loca
lise-xepersian.def
File: color-localise-xepersian.def 2011/03/01 v0.1 localising color package
)))
(C:\Users\lenovo\AppData\Local\Programs\MiKTeX\tex/xelatex/bidi\extrafootnotefe
atures-xetex-bidi.def
File: extrafootnotefeatures-xetex-bidi.def 2023/08/02 v2.6 bidi extra footnote 
features for XeTeX engine
\bidi@columnwidth=\dimen406
\footmarkwidth=\skip140
\footinsdim=\skip141
\bidi@absolutepage@count=\count475
\bidi@absolutefootnote@count=\count476
\footinsv@r=\insert251
\footinsv@l=\insert250
\@mpfootinsv@r=\insert249
\@mpfootinsv@l=\insert248
\m@m@k=\count477
\m@m@h=\dimen407
\m@mipn@skip=\skip142
)
(C:\Users\lenovo\AppData\Local\Programs\MiKTeX\tex/xelatex/xepersian\extrafootn
otefeatures-xepersian.def
File: extrafootnotefeatures-xepersian.def 2012/01/01 v0.2 footnote macros for e
xtrafootnotefeatures option of xepersian package
)

Package fontspec Info: Font family 'lmroman10-regular(0)' created for font
(fontspec)             'lmroman10-regular' with options
(fontspec)             [Ligatures=TeX,Path,BoldFont={lmroman10-bold},BoldItalic
Font={lmroman10-bolditalic},ItalicFont={lmroman10-italic},SmallCapsFont={lmroma
ncaps10-regular},SlantedFont={lmromanslant10-regular},BoldSlantedFont={lmromans
lant10-bold}].
(fontspec)              
(fontspec)              This font family consists of the following NFSS
(fontspec)             series/shapes:
(fontspec)              
(fontspec)             - 'normal' (m/n) with NFSS spec.:
(fontspec)             <->"[lmroman10-regular]/OT:script=latn;language=dflt;map
ping=tex-text;"
(fontspec)             - 'small caps'  (m/sc) with NFSS spec.:
(fontspec)             <->"[lmromancaps10-regular]/OT:script=latn;language=dflt
;mapping=tex-text;"
(fontspec)             - 'bold' (b/n) with NFSS spec.:
(fontspec)             <->"[lmroman10-bold]/OT:script=latn;language=dflt;mappin
g=tex-text;"
(fontspec)             - 'bold small caps'  (b/sc) with NFSS spec.:
(fontspec)             <->"[lmromancaps10-regular]/OT:script=latn;language=dflt
;mapping=tex-text;"
(fontspec)             - 'italic' (m/it) with NFSS spec.:
(fontspec)             <->"[lmroman10-italic]/OT:script=latn;language=dflt;mapp
ing=tex-text;"
(fontspec)             - 'italic small caps'  (m/scit) with NFSS spec.:
(fontspec)             <->"[lmromancaps10-regular]/OT:script=latn;language=dflt
;mapping=tex-text;"
(fontspec)             - 'slanted' (m/sl) with NFSS spec.:
(fontspec)             <->"[lmromanslant10-regular]/OT:script=latn;language=dfl
t;mapping=tex-text;"
(fontspec)             - 'slanted small caps'  (m/scsl) with NFSS spec.:
(fontspec)             <->"[lmromancaps10-regular]/OT:script=latn;language=dflt
;mapping=tex-text;"
(fontspec)             - 'bold italic' (b/it) with NFSS spec.:
(fontspec)             <->"[lmroman10-bolditalic]/OT:script=latn;language=dflt;
mapping=tex-text;"
(fontspec)             - 'bold italic small caps'  (b/scit) with NFSS spec.:
(fontspec)             <->"[lmromancaps10-regular]/OT:script=latn;language=dflt
;mapping=tex-text;"
(fontspec)             - 'bold slanted' (b/sl) with NFSS spec.:
(fontspec)             <->"[lmromanslant10-bold]/OT:script=latn;language=dflt;m
apping=tex-text;"
(fontspec)             - 'bold slanted small caps'  (b/scsl) with NFSS spec.:
(fontspec)             <->"[lmromancaps10-regular]/OT:script=latn;language=dflt
;mapping=tex-text;"

)

Package fontspec Info: Font family 'IRLotusICEE.ttf(0)' created for font
(fontspec)             'IRLotusICEE.ttf' with options
(fontspec)             [RawFeature={script=arab},Ligatures=PersianTeX,Path={./f
ont/},BoldFont={IRLotusICEE_Bold.ttf},BoldItalicFont={IRLotusICEE_BoldIranic.tt
f},ItalicFont={IRLotusICEE_Iranic.ttf},Scale=1.2].
(fontspec)              
(fontspec)              This font family consists of the following NFSS
(fontspec)             series/shapes:
(fontspec)              
(fontspec)             - 'normal' (m/n) with NFSS spec.:
(fontspec)             <->s*[1.2]"[./font/IRLotusICEE.ttf]/OT:language=dflt;scr
ipt=arab;mapping=persian-tex-text;"
(fontspec)             - 'small caps'  (m/sc) with NFSS spec.: 
(fontspec)             - 'bold' (b/n) with NFSS spec.:
(fontspec)             <->s*[1.2]"[./font/IRLotusICEE_Bold.ttf]/OT:language=dfl
t;script=arab;mapping=persian-tex-text;"
(fontspec)             - 'bold small caps'  (b/sc) with NFSS spec.: 
(fontspec)             - 'italic' (m/it) with NFSS spec.:
(fontspec)             <->s*[1.2]"[./font/IRLotusICEE_Iranic.ttf]/OT:language=d
flt;script=arab;mapping=persian-tex-text;"
(fontspec)             - 'italic small caps'  (m/scit) with NFSS spec.: 
(fontspec)             - 'bold italic' (b/it) with NFSS spec.:
(fontspec)             <->s*[1.2]"[./font/IRLotusICEE_BoldIranic.ttf]/OT:langua
ge=dflt;script=arab;mapping=persian-tex-text;"
(fontspec)             - 'bold italic small caps'  (b/scit) with NFSS spec.: 

LaTeX Font Info:    Font shape `TU/IRLotusICEE.ttf(0)/m/n' will be
(Font)              scaled to size 14.39996pt on input line 133.

Package fontspec Info: Font family 'LiberationSerif-Regular.ttf(0)' created
(fontspec)             for font 'LiberationSerif-Regular.ttf' with options
(fontspec)             [Ligatures=TeX,Path={./font/},BoldFont={LiberationSerif-
Bold.ttf},BoldItalicFont={LiberationSerif-BoldItalic.ttf},ItalicFont={Liberatio
nSerif-Italic.ttf},Scale=1].
(fontspec)              
(fontspec)              This font family consists of the following NFSS
(fontspec)             series/shapes:
(fontspec)              
(fontspec)             - 'normal' (m/n) with NFSS spec.:
(fontspec)             <->s*[1]"[./font/LiberationSerif-Regular.ttf]/OT:script=
latn;language=dflt;mapping=tex-text;"
(fontspec)             - 'small caps'  (m/sc) with NFSS spec.: 
(fontspec)             - 'bold' (b/n) with NFSS spec.:
(fontspec)             <->s*[1]"[./font/LiberationSerif-Bold.ttf]/OT:script=lat
n;language=dflt;mapping=tex-text;"
(fontspec)             - 'bold small caps'  (b/sc) with NFSS spec.: 
(fontspec)             - 'italic' (m/it) with NFSS spec.:
(fontspec)             <->s*[1]"[./font/LiberationSerif-Italic.ttf]/OT:script=l
atn;language=dflt;mapping=tex-text;"
(fontspec)             - 'italic small caps'  (m/scit) with NFSS spec.: 
(fontspec)             - 'bold italic' (b/it) with NFSS spec.:
(fontspec)             <->s*[1]"[./font/LiberationSerif-BoldItalic.ttf]/OT:scri
pt=latn;language=dflt;mapping=tex-text;"
(fontspec)             - 'bold italic small caps'  (b/scit) with NFSS spec.: 

LaTeX Info: Redefining \latinfont on input line 136.

Package fontspec Info: Font family 'IRLotusICEE.ttf(1)' created for font
(fontspec)             'IRLotusICEE.ttf' with options
(fontspec)             [Ligatures=PersianTeX,Path={./font/},Scale=1.2].
(fontspec)              
(fontspec)              This font family consists of the following NFSS
(fontspec)             series/shapes:
(fontspec)              
(fontspec)             - 'normal' (m/n) with NFSS spec.:
(fontspec)             <->s*[1.2]"[./font/IRLotusICEE.ttf]/OT:language=dflt;map
ping=persian-tex-text;"
(fontspec)             - 'small caps'  (m/sc) with NFSS spec.: 

Package xepersian-mathdigitspec Info: DefiningthedefaultPersianmathdigitsfontas
'IRLotusICEE.ttf' on input line 138.
\symOPERATORS=\mathgroup6
\symnew@mathbf@font@digits=\mathgroup7
\symnew@mathit@font@digits=\mathgroup8
\symnew@mathrm@font@digits=\mathgroup9

Package fontspec Info: Font family 'IRLotusICEE_Iranic.ttf(0)' created for
(fontspec)             font 'IRLotusICEE_Iranic.ttf' with options
(fontspec)             [RawFeature={script=arab},Ligatures=PersianTeX,Path={./f
ont/},Scale=1.3].
(fontspec)              
(fontspec)              This font family consists of the following NFSS
(fontspec)             series/shapes:
(fontspec)              
(fontspec)             - 'normal' (m/n) with NFSS spec.:
(fontspec)             <->s*[1.3]"[./font/IRLotusICEE_Iranic.ttf]/OT:language=d
flt;script=arab;mapping=persian-tex-text;"
(fontspec)             - 'small caps'  (m/sc) with NFSS spec.: 

LaTeX Info: Redefining \iranicfamily on input line 139.

Package fontspec Info: Font family 'IRTitr.ttf(0)' created for font
(fontspec)             'IRTitr.ttf' with options
(fontspec)             [Ligatures=PersianTeX,Path={./font/}].
(fontspec)              
(fontspec)              This font family consists of the following NFSS
(fontspec)             series/shapes:
(fontspec)              
(fontspec)             - 'normal' (m/n) with NFSS spec.:
(fontspec)             <->"[./font/IRTitr.ttf]/OT:language=dflt;mapping=persian
-tex-text;"
(fontspec)             - 'small caps'  (m/sc) with NFSS spec.: 

\symnew@mathsf@font@digits=\mathgroup10

Package fontspec Info: Font family 'IRLotusICEE.ttf(2)' created for font
(fontspec)             'IRLotusICEE.ttf' with options
(fontspec)             [RawFeature={script=arab},Ligatures=PersianTeX,Path={./f
ont/},Scale=1].
(fontspec)              
(fontspec)              This font family consists of the following NFSS
(fontspec)             series/shapes:
(fontspec)              
(fontspec)             - 'normal' (m/n) with NFSS spec.:
(fontspec)             <->s*[1]"[./font/IRLotusICEE.ttf]/OT:language=dflt;scrip
t=arab;mapping=persian-tex-text;"
(fontspec)             - 'small caps'  (m/sc) with NFSS spec.: 


Package fontspec Info: Font family 'IranNastaliq(0)' created for font
(fontspec)             'IranNastaliq' with options
(fontspec)             [RawFeature={script=arab},Ligatures=PersianTeX,Path={./f
ont/},Scale=2].
(fontspec)              
(fontspec)              This font family consists of the following NFSS
(fontspec)             series/shapes:
(fontspec)              
(fontspec)             - 'normal' (m/n) with NFSS spec.:
(fontspec)             <->s*[2]"[./font/IranNastaliq]/OT:language=dflt;script=a
rab;mapping=persian-tex-text;"
(fontspec)             - 'small caps'  (m/sc) with NFSS spec.: 

\c@definition=\count478


Package amsthm Warning: Unknown theoremstyle `theorem' on input line 197.

\mylenprt=\skip143
\mylenchp=\skip144
\mylenapp=\skip145
LaTeX Font Info:    Font shape `TU/IRLotusICEE.ttf(0)/m/n' will be
(Font)              scaled to size 17.27994pt on input line 289.
LaTeX Font Info:    Font shape `TU/IRLotusICEE.ttf(0)/bx/n' in size <14.4> not 
available
(Font)              Font shape `TU/IRLotusICEE.ttf(0)/b/n' tried instead on inp
ut line 289.
LaTeX Font Info:    Font shape `TU/IRLotusICEE.ttf(0)/b/n' will be
(Font)              scaled to size 17.27994pt on input line 289.
LaTeX Font Info:    Font shape `TU/IRLotusICEE.ttf(0)/bx/n' in size <12> not av
ailable
(Font)              Font shape `TU/IRLotusICEE.ttf(0)/b/n' tried instead on inp
ut line 290.
LaTeX Font Info:    Font shape `TU/IRLotusICEE.ttf(0)/b/n' will be
(Font)              scaled to size 14.39996pt on input line 290.
) (tex/faTitle.tex) (tex/enTitle.tex) (Alireza_Amiri_Robotics_Research2.aux
(tex/chapter3.aux))
\openout1 = `Alireza_Amiri_Robotics_Research2.aux'.

LaTeX Font Info:    Checking defaults for OML/cmm/m/it on input line 42.
LaTeX Font Info:    ... okay on input line 42.
LaTeX Font Info:    Checking defaults for OMS/cmsy/m/n on input line 42.
LaTeX Font Info:    ... okay on input line 42.
LaTeX Font Info:    Checking defaults for OT1/cmr/m/n on input line 42.
LaTeX Font Info:    ... okay on input line 42.
LaTeX Font Info:    Checking defaults for T1/cmr/m/n on input line 42.
LaTeX Font Info:    ... okay on input line 42.
LaTeX Font Info:    Checking defaults for TS1/cmr/m/n on input line 42.
LaTeX Font Info:    Trying to load font information for TS1+cmr on input line 4
2.

(C:\Users\lenovo\AppData\Local\Programs\MiKTeX\tex/latex/base\ts1cmr.fd
File: ts1cmr.fd 2023/04/13 v2.5m Standard LaTeX font definitions
)
LaTeX Font Info:    ... okay on input line 42.
LaTeX Font Info:    Checking defaults for TU/lmr/m/n on input line 42.
LaTeX Font Info:    ... okay on input line 42.
LaTeX Font Info:    Checking defaults for OMX/cmex/m/n on input line 42.
LaTeX Font Info:    ... okay on input line 42.
LaTeX Font Info:    Checking defaults for U/cmr/m/n on input line 42.
LaTeX Font Info:    ... okay on input line 42.
LaTeX Font Info:    Checking defaults for PD1/pdf/m/n on input line 42.
LaTeX Font Info:    ... okay on input line 42.
LaTeX Font Info:    Checking defaults for PU/pdf/m/n on input line 42.
LaTeX Font Info:    ... okay on input line 42.
\c@lstlisting=\count479

*geometry* driver: auto-detecting
*geometry* detected driver: xetex
*geometry* verbose mode - [ preamble ] result:
* driver: xetex
* paper: a4paper
* layout: <same size as paper>
* layoutoffset:(h,v)=(0.0pt,0.0pt)
* modes: twoside 
* h-part:(L,W,R)=(99.58464pt, 426.79135pt, 71.13188pt)
* v-part:(T,H,B)=(113.81102pt, 617.4248pt, 113.81102pt)
* \paperwidth=597.50787pt
* \paperheight=845.04684pt
* \textwidth=426.79135pt
* \textheight=617.4248pt
* \oddsidemargin=27.31465pt
* \evensidemargin=-1.1381pt
* \topmargin=9.66724pt
* \headheight=12.0pt
* \headsep=19.8738pt
* \topskip=12.0pt
* \footskip=30.0pt
* \marginparwidth=56.9055pt
* \marginparsep=7.0pt
* \columnsep=10.0pt
* \skip\footins=10.8pt plus 4.0pt minus 2.0pt
* \hoffset=0.0pt
* \voffset=0.0pt
* \mag=1000
* \@twocolumnfalse
* \@twosidetrue
* \@mparswitchtrue
* \@reversemarginfalse
* (1in=72.27pt=25.4mm, 1cm=28.453pt)

Package caption Info: Begin \AtBeginDocument code.
Package caption Info: subfig package v1.3 is loaded.
Package caption Info: hyperref package is loaded.
Package caption Info: longtable package is loaded.
(C:\Users\lenovo\AppData\Local\Programs\MiKTeX\tex/latex/caption\ltcaption.sty
Package: ltcaption 2021/01/08 v1.4c longtable captions (AR)
)
Package caption Info: rotating package is loaded.
Package caption Info: supertabular package is loaded.
Package caption Info: End \AtBeginDocument code.

(C:\Users\lenovo\AppData\Local\Programs\MiKTeX\tex/latex/pdflscape\pdflscape.st
y
Package: pdflscape 2022-10-27 v0.13 Display of landscape pages in PDF

(C:\Users\lenovo\AppData\Local\Programs\MiKTeX\tex/latex/pdflscape\pdflscape-no
metadata.sty
Package: pdflscape-nometadata 2022-10-28 v0.13 Display of landscape pages in PD
F (HO)

(C:\Users\lenovo\AppData\Local\Programs\MiKTeX\tex/latex/graphics\lscape.sty
Package: lscape 2020/05/28 v3.02 Landscape Pages (DPC)
)
Package pdflscape Info: Auto-detected driver: dvipdfm (xetex) on input line 98.

))
(C:\Users\lenovo\AppData\Local\Programs\MiKTeX\tex/latex/ninecolors\ninecolors.
sty
Package: ninecolors 2022-02-13 v2022D Select colors with proper color contrast
)
Package hyperref Info: Link coloring OFF on input line 42.
 (Alireza_Amiri_Robotics_Research2.out)
(Alireza_Amiri_Robotics_Research2.out)
\@outlinefile=\write129
\openout5 = `Alireza_Amiri_Robotics_Research2.out'.

LaTeX Font Info:    Font shape `TU/IRLotusICEE.ttf(0)/m/n' will be
(Font)              scaled to size 11.99997pt on input line 42.
 (tex/thesis_preamble.tex
File: ./img/Logo.png Graphic file (type bmp)
<./img/Logo.png>
LaTeX Font Info:    Font shape `TU/IranNastaliq(0)/m/n' will be
(Font)              scaled to size 24.0pt on input line 14.
LaTeX Font Info:    Font shape `TU/IranNastaliq(0)/m/n' will be
(Font)              scaled to size 28.79999pt on input line 14.


LaTeX Font Warning: Font shape `TU/IranNastaliq(0)/b/n' undefined
(Font)              using `TU/IranNastaliq(0)/m/n' instead on input line 14.

LaTeX Font Info:    Font shape `TU/IRLotusICEE.ttf(0)/m/n' will be
(Font)              scaled to size 29.85593pt on input line 14.
LaTeX Font Info:    Font shape `TU/IRLotusICEE.ttf(2)/m/n' will be
(Font)              scaled to size 24.88pt on input line 14.
LaTeX Font Info:    Font shape `TU/IRLotusICEE.ttf(0)/b/n' will be
(Font)              scaled to size 29.85593pt on input line 14.
LaTeX Font Info:    Font shape `TU/IRLotusICEE.ttf(0)/m/n' will be
(Font)              scaled to size 20.73593pt on input line 14.
LaTeX Font Info:    Font shape `TU/IRLotusICEE.ttf(0)/b/n' will be
(Font)              scaled to size 20.73593pt on input line 14.
LaTeX Font Info:    Font shape `TU/IRLotusICEE.ttf(1)/m/n' will be
(Font)              scaled to size 17.27994pt on input line 14.
\openout5 = `Alireza_Amiri_Robotics_Research2.mw'.

[1


] (Alireza_Amiri_Robotics_Research2.mw)
\openout5 = `Alireza_Amiri_Robotics_Research2.mw'.

)
\openout2 = `./tex/chapter3.aux'.

 (tex/chapter3.tex
LaTeX Font Info:    Trying to load font information for U+msa on input line 7.

(C:\Users\lenovo\AppData\Local\Programs\MiKTeX\tex/latex/amsfonts\umsa.fd
File: umsa.fd 2013/01/14 v3.01 AMS symbols A
)
LaTeX Font Info:    Trying to load font information for U+msb on input line 7.

(C:\Users\lenovo\AppData\Local\Programs\MiKTeX\tex/latex/amsfonts\umsb.fd
File: umsb.fd 2013/01/14 v3.01 AMS symbols B
)
LaTeX Font Info:    Font shape `TU/IRLotusICEE.ttf(1)/m/n' will be
(Font)              scaled to size 14.39996pt on input line 7.
LaTeX Font Info:    Font shape `TU/IRLotusICEE.ttf(1)/m/n' will be
(Font)              scaled to size 9.59998pt on input line 7.
LaTeX Font Info:    Font shape `TU/IRLotusICEE.ttf(1)/m/n' will be
(Font)              scaled to size 7.19998pt on input line 7.


LaTeX Font Warning: Font shape `TU/IRLotusICEE.ttf(1)/bx/n' undefined
(Font)              using `TU/IRLotusICEE.ttf(1)/m/n' instead on input line 7.

LaTeX Font Info:    Font shape `TU/IRLotusICEE.ttf(1)/bx/n' will be
(Font)              scaled to size 9.59998pt on input line 7.
LaTeX Font Info:    Font shape `TU/IRLotusICEE.ttf(1)/bx/n' will be
(Font)              scaled to size 7.19998pt on input line 7.

LaTeX Font Warning: Font shape `TU/IRLotusICEE.ttf(1)/m/it' undefined
(Font)              using `TU/IRLotusICEE.ttf(1)/m/n' instead on input line 7.

LaTeX Font Info:    Font shape `TU/IRLotusICEE.ttf(1)/m/it' will be
(Font)              scaled to size 9.59998pt on input line 7.
LaTeX Font Info:    Font shape `TU/IRLotusICEE.ttf(1)/m/it' will be
(Font)              scaled to size 7.19998pt on input line 7.
\openout5 = `Alireza_Amiri_Robotics_Research2.mw'.

[1



] (Alireza_Amiri_Robotics_Research2.mw)
\openout5 = `Alireza_Amiri_Robotics_Research2.mw'.

)
LaTeX Font Info:    Font shape `TU/IRLotusICEE.ttf(0)/m/n' will be
(Font)              scaled to size 13.13995pt on input line 52.


Package fancyhdr Warning: \headheight is too small (12.0pt): 
(fancyhdr)                Make it at least 14.49998pt, for example:
(fancyhdr)                \setlength{\headheight}{14.49998pt}.
(fancyhdr)                You might also make \topmargin smaller to compensate:

(fancyhdr)                \addtolength{\topmargin}{-2.49998pt}.

\openout5 = `Alireza_Amiri_Robotics_Research2.mw'.

[2] (Alireza_Amiri_Robotics_Research2.mw)
\openout5 = `Alireza_Amiri_Robotics_Research2.mw'.



enddocument/afterlastpage: lastpage setting LastPage.
(Alireza_Amiri_Robotics_Research2.aux (tex/chapter3.aux))
 ***********
LaTeX2e <2023-11-01> patch level 1
L3 programming layer <2024-01-22>
 ***********


LaTeX Font Warning: Some font shapes were not available, defaults substituted.

\openout5 = `Alireza_Amiri_Robotics_Research2.out'.

Package rerunfilecheck Info: File `Alireza_Amiri_Robotics_Research2.out' has no
t changed.
(rerunfilecheck)             Checksum: D41D8CD98F00B204E9800998ECF8427E;0.
 )
(\end occurred when \ifx on line 26 was incomplete) 
Here is how much of TeX's memory you used:
 41380 strings out of 409673
 811498 string characters out of 5774502
 1924630 words of memory out of 5000000
 62520 multiletter control sequences out of 15000+600000
 564143 words of font info for 109 fonts, out of 8000000 for 9000
 1348 hyphenation exceptions out of 8191
 105i,11n,104p,2376b,369s stack positions out of 10000i,1000n,20000p,200000b,200000s

Output written on Alireza_Amiri_Robotics_Research2.pdf (3 pages).
